=====================================================================
== C:\Servers\Arma 3 Exile Server\arma3server.exe
== "C:\Servers\Arma 3 Exile Server\arma3server.exe"  -port=2302 "-config=C:\Servers\Arma 3 Exile Server\TADST\default\TADST_config.cfg" "-cfg=C:\Servers\Arma 3 Exile Server\TADST\default\TADST_basic.cfg" "-profiles=C:\Servers\Arma 3 Exile Server\TADST\default" -name=default -filePatching "-mod=@Exile;@ExileServer;heli;kart;mark;@Esseker" -autoInit

Original output filename: Arma3Retail_Server
Exe timestamp: 2016/03/02 14:35:06
Current time:  2016/04/14 07:36:19

Type: Public
Build: Stable
Version: 1.56.134787

Allocator: C:\Servers\Arma 3 Exile Server\dll\tbb4malloc_bi.dll
=====================================================================

 7:36:19 Initializing stats manager.
 7:36:19 Stats config disabled.
 7:36:19 sessionID: cdc2fa6f6c56219349098072734fbfec53369770
 7:36:22 Unsupported language English in stringtable
 7:36:22 Unsupported language English in stringtable
 7:36:22 Unsupported language English in stringtable
 7:36:22 Unsupported language English in stringtable
 7:36:23 Warning Message: Addon 'Sar_obelisk' requires addon 'CAData'
 7:36:29 Warning Message: Addon 'Sar_obelisk' requires addon 'CABuildings'
 7:36:29 Warning Message: Addon 'Sar_obelisk' requires addon 'cacharacters'
 7:36:29 Warning Message: Addon 'Sar_obelisk' requires addon 'CAMisc'
 7:36:29 Warning Message: Addon 'SAR_ru_architecture' requires addon 'CAData'
 7:36:29 Warning Message: Addon 'SAR_ru_architecture' requires addon 'CABuildings'
 7:36:29 Warning Message: Addon 'SAR_ru_architecture' requires addon 'cacharacters'
 7:36:29 Warning Message: Addon 'SAR_ru_architecture' requires addon 'CAMisc'
 7:36:29 Warning Message: Addon 'Sar_struktures' requires addon 'CAData'
 7:36:29 Warning Message: Addon 'Sar_struktures' requires addon 'CABuildings'
 7:36:29 Warning Message: Addon 'Sar_struktures' requires addon 'cacharacters'
 7:36:29 Warning Message: Addon 'Sar_struktures' requires addon 'CAMisc'
 7:36:29 Updating base class ->Base, by a3\dubbing_radio_f\config.bin/CfgHQIdentities/PAPA_BEAR/
 7:36:29 Updating base class ->Base, by a3\dubbing_radio_f\config.bin/CfgHQIdentities/AirBase/
 7:36:29 Updating base class ->NonStrategic, by CST\CST_Infrastructure\objects\fuelstation\config.bin/CfgVehicles/HouseBase/
 7:36:29 Updating base class ->DestructionEffects, by CST\CST_Infrastructure\objects\fuelstation\config.bin/CfgVehicles/House/DestructionEffects/
 7:36:29 Updating base class Building->Static, by ES_Buildings\config.bin/CfgVehicles/NonStrategic/
 7:36:29 Updating base class HouseBase->NonStrategic, by ES_Buildings\config.bin/CfgVehicles/House/
 7:36:29 Updating base class NonStrategic->HouseBase, by sar_ru_architect\config.bin/CfgVehicles/House/
 7:36:29 Updating base class Static->Building, by a3\data_f\config.bin/CfgVehicles/NonStrategic/
 7:36:29 Updating base class ->HouseBase, by a3\data_f\config.bin/CfgVehicles/Ruins/
 7:36:29 Updating base class ->Smoke1, by a3\data_f\config.bin/CfgVehicles/House/DestructionEffects/Smoke2/
 7:36:29 Updating base class ->Smoke1, by a3\data_f\config.bin/CfgVehicles/House/DestructionEffects/Smoke3/
 7:36:29 Updating base class ->Smoke1Med, by a3\data_f\config.bin/CfgVehicles/House/DestructionEffects/Smoke2Med/
 7:36:29 Updating base class ->Smoke1Med, by a3\data_f\config.bin/CfgVehicles/House/DestructionEffects/Smoke3Med/
 7:36:29 Updating base class ->Smoke1Low, by a3\data_f\config.bin/CfgVehicles/House/DestructionEffects/Smoke2Low/
 7:36:29 Updating base class ->Smoke1Low, by a3\data_f\config.bin/CfgVehicles/House/DestructionEffects/Smoke3Low/
 7:36:29 Updating base class ->NonStrategic, by a3\data_f\config.bin/CfgVehicles/Wall/
 7:36:29 Updating base class ->Wreck, by a3\data_f\config.bin/CfgVehicles/PlaneWreck/
 7:36:29 Updating base class RscShortcutButton->RscButton, by a3\editor_f\config.bin/RscDisplayEditObject/Controls/B_OK/
 7:36:29 Updating base class RscSliderH->RscXSliderH, by a3\editor_f\config.bin/RscDisplayEditObject/Slider/
 7:36:29 Updating base class RscText->RscPicture, by a3\editor_f\config.bin/RscDisplayEditObject/Preview/
 7:36:29 Updating base class RscShortcutButton->RscButton, by a3\editor_f\config.bin/RscDisplayMissionLoad/Controls/B_OK/
 7:36:29 Updating base class RscShortcutButton->RscButton, by a3\editor_f\config.bin/RscDisplayMissionSave/Controls/B_OK/
 7:36:29 Updating base class ->Ruins, by a3\structures_f\config.bin/CfgVehicles/Ruins_F/
 7:36:29 Updating base class Land_pletivo_wired->Wall_F, by a3\structures_f\walls\config.bin/cfgVehicles/Land_Wall_Tin_4/
 7:36:29 Updating base class Land_pletivo_wired->Wall_F, by a3\structures_f\walls\config.bin/cfgVehicles/Land_Wall_Tin_4_2/
 7:36:29 Updating base class ->RscControlsGroup, by a3\ui_f\config.bin/RscControlsGroupNoScrollbars/
 7:36:29 Updating base class ->RscControlsGroup, by a3\ui_f\config.bin/RscControlsGroupNoHScrollbars/
 7:36:29 Updating base class ->RscControlsGroup, by a3\ui_f\config.bin/RscControlsGroupNoVScrollbars/
 7:36:29 Updating base class ->RscText, by a3\ui_f\config.bin/RscLine/
 7:36:29 Updating base class ->RscActiveText, by a3\ui_f\config.bin/RscActivePicture/
 7:36:29 Updating base class ->RscButton, by a3\ui_f\config.bin/RscButtonTextOnly/
 7:36:29 Updating base class ->RscShortcutButton, by a3\ui_f\config.bin/RscShortcutButtonMain/
 7:36:29 Updating base class ->RscShortcutButton, by a3\ui_f\config.bin/RscButtonEditor/
 7:36:29 Updating base class ->RscShortcutButton, by a3\ui_f\config.bin/RscIGUIShortcutButton/
 7:36:29 Updating base class ->RscShortcutButton, by a3\ui_f\config.bin/RscGearShortcutButton/
 7:36:29 Updating base class ->RscShortcutButton, by a3\ui_f\config.bin/RscButtonMenu/
 7:36:29 Updating base class ->RscButtonMenu, by a3\ui_f\config.bin/RscButtonMenuOK/
 7:36:29 Updating base class ->RscButtonMenu, by a3\ui_f\config.bin/RscButtonMenuCancel/
 7:36:29 Updating base class ->RscButtonMenu, by a3\ui_f\config.bin/RscButtonMenuSteam/
 7:36:29 Updating base class ->RscText, by a3\ui_f\config.bin/RscLoadingText/
 7:36:29 Updating base class ->RscListBox, by a3\ui_f\config.bin/RscIGUIListBox/
 7:36:29 Updating base class ->RscListNBox, by a3\ui_f\config.bin/RscIGUIListNBox/
 7:36:29 Updating base class ->RscText, by a3\ui_f\config.bin/RscBackground/
 7:36:29 Updating base class ->RscText, by a3\ui_f\config.bin/RscBackgroundGUI/
 7:36:29 Updating base class ->RscPicture, by a3\ui_f\config.bin/RscBackgroundGUILeft/
 7:36:29 Updating base class ->RscPicture, by a3\ui_f\config.bin/RscBackgroundGUIRight/
 7:36:29 Updating base class ->RscPicture, by a3\ui_f\config.bin/RscBackgroundGUIBottom/
 7:36:29 Updating base class ->RscText, by a3\ui_f\config.bin/RscBackgroundGUITop/
 7:36:29 Updating base class ->RscText, by a3\ui_f\config.bin/RscBackgroundGUIDark/
 7:36:29 Updating base class ->RscPictureKeepAspect, by a3\ui_f\config.bin/RscBackgroundLogo/
 7:36:29 Updating base class ->RscMapControl, by a3\ui_f\config.bin/RscMapControlEmpty/
 7:36:29 Updating base class ->RscPicture, by a3\ui_f\config.bin/CA_Mainback/
 7:36:29 Updating base class ->CA_Mainback, by a3\ui_f\config.bin/CA_Back/
 7:36:29 Updating base class ->CA_Mainback, by a3\ui_f\config.bin/CA_Title_Back/
 7:36:29 Updating base class ->CA_Mainback, by a3\ui_f\config.bin/CA_Black_Back/
 7:36:29 Updating base class ->RscTitle, by a3\ui_f\config.bin/CA_Title/
 7:36:29 Updating base class ->RscPictureKeepAspect, by a3\ui_f\config.bin/CA_Logo/
 7:36:29 Updating base class ->CA_Logo, by a3\ui_f\config.bin/CA_Logo_Small/
 7:36:29 Updating base class ->RscButton, by a3\ui_f\config.bin/CA_RscButton/
 7:36:29 Updating base class ->CA_RscButton, by a3\ui_f\config.bin/CA_RscButton_dialog/
 7:36:29 Updating base class ->RscActiveText, by a3\ui_f\config.bin/CA_Ok/
 7:36:29 Updating base class ->RscText, by a3\ui_f\config.bin/CA_Ok_image/
 7:36:29 Updating base class ->RscText, by a3\ui_f\config.bin/CA_Ok_image2/
 7:36:29 Updating base class ->RscText, by a3\ui_f\config.bin/CA_Ok_text/
 7:36:29 Updating base class ->RscPicture, by a3\ui_f\config.bin/RscVignette/
 7:36:29 Updating base class ->RscControlsGroupNoScrollbars, by a3\ui_f\config.bin/RscMapControlTooltip/
 7:36:29 Updating base class RscUnitInfo->RscUnitInfoAirNoWeapon, by a3\ui_f\config.bin/RscInGameUI/RscUnitInfoAir/
 7:36:29 Updating base class RscShortcutButton->RscButtonMenu, by a3\ui_f\config.bin/RscDisplayDebug/Controls/B_OK/
 7:36:29 Updating base class RscShortcutButton->RscButtonMenu, by a3\ui_f\config.bin/RscDisplayDebug/Controls/B_Cancel/
 7:36:29 Updating base class RscShortcutButton->RscButtonMenu, by a3\ui_f\config.bin/RscDisplayDebug/Controls/B_Clear/
 7:36:29 Updating base class ->RscText, by a3\ui_f\config.bin/RscDisplayCapture/controls/TimeLines/
 7:36:29 Updating base class RscShortcutButton->RscButtonMenu, by a3\ui_f\config.bin/RscDisplayCapture/controls/ButtonAverages/
 7:36:29 Updating base class RscShortcutButton->RscButtonMenu, by a3\ui_f\config.bin/RscDisplayCapture/controls/ButtonSavePreviousData/
 7:36:29 Updating base class RscShortcutButton->RscButtonMenu, by a3\ui_f\config.bin/RscDisplayCapture/controls/ButtonPreviousData/
 7:36:29 Updating base class RscControlsGroup->RscControlsGroupNoHScrollbars, by a3\ui_f\config.bin/RscDisplayMain/controls/ModIcons/
 7:36:29 Updating base class RscPicture->RscPictureKeepAspect, by a3\ui_f\config.bin/RscDisplayMain/IconPicture/
 7:36:29 Updating base class IconPicture->RscPictureKeepAspect, by a3\ui_f\config.bin/RscDisplayMain/DlcOwnedIconPicture/
 7:36:29 Updating base class IconPicture->RscPictureKeepAspect, by a3\ui_f\config.bin/RscDisplayMain/DlcIconPicture/
 7:36:29 Updating base class RscListBox->RscCombo, by a3\ui_f\config.bin/RscDisplayCustomizeController/Steepness/
 7:36:29 Updating base class ->RscStandardDisplay, by a3\ui_f\config.bin/RscDisplayControlSchemes/
 7:36:29 Updating base class ButtonOK->RscButtonMenuCancel, by a3\ui_f\config.bin/RscDisplayControlSchemes/controls/ButtonCancel/
 7:36:29 Updating base class RscButton->RscButtonMenuOK, by a3\ui_f\config.bin/RscDisplayControlSchemes/controls/ButtonOK/
 7:36:29 Updating base class RscPicture->RscPictureKeepAspect, by a3\ui_f\config.bin/RscDisplayFileSelectImage/controls/OverviewPicture/
 7:36:29 Updating base class RscShortcutButton->RscButtonMenuCancel, by a3\ui_f\config.bin/RscDisplayFieldManual/controls/ButtonCancel/
 7:36:29 Cannot delete class B_KickOff, it is referenced somewhere (used as a base class probably).
 7:36:29 Updating base class RscButton->RscButtonMenuCancel, by a3\ui_f\config.bin/RscDisplayPublishMission/controls/ButtonCancel/
 7:36:29 Updating base class RscShortcutButton->RscButtonMenuOK, by a3\ui_f\config.bin/RscDisplayPublishMissionSelectTags/controls/ButtonOK/
 7:36:29 Updating base class ButtonOK->RscButtonMenuCancel, by a3\ui_f\config.bin/RscDisplayPublishMissionSelectTags/controls/ButtonCancel/
 7:36:29 Updating base class ->RscSubmenu, by a3\ui_f\config.bin/RscMainMenu/
 7:36:29 Cannot update non class from class a3\ui_f\config.bin/RscCallSupport/Items/
 7:36:29 Cannot update non class from class a3\ui_f\config.bin/RscRadio/Items/
 7:36:29 Updating base class ->SubmunitionCore, by a3\weapons_f\config.bin/CfgAmmo/SubmunitionBase/
 7:36:29 Updating base class ->MissileCore, by a3\weapons_f\config.bin/CfgAmmo/MissileBase/
 7:36:29 Updating base class ->RocketCore, by a3\weapons_f\config.bin/CfgAmmo/RocketBase/
 7:36:29 Updating base class ->GrenadeCore, by a3\weapons_f\config.bin/CfgAmmo/GrenadeBase/
 7:36:29 Updating base class ->Grenade, by a3\weapons_f\config.bin/CfgAmmo/GrenadeHand/
 7:36:29 Updating base class ->VehicleMagazine, by a3\weapons_f\config.bin/CfgMagazines/24Rnd_missiles/
 7:36:29 Updating base class ->manual, by a3\weapons_f\config.bin/cfgWeapons/LMG_RCWS/close/
 7:36:29 Updating base class ->LMG_RCWS, by a3\weapons_f\config.bin/cfgWeapons/LMG_M200/
 7:36:29 Updating base class MGun->LMG_RCWS, by a3\weapons_f\config.bin/cfgWeapons/HMG_127/
 7:36:29 Updating base class ->RocketPods, by a3\weapons_f\config.bin/cfgWeapons/missiles_DAR/
 7:36:29 Updating base class ->MGun, by a3\weapons_f\config.bin/cfgWeapons/GMG_F/
 7:36:29 Updating base class ->player, by a3\weapons_f\config.bin/cfgWeapons/autocannon_Base_F/close/
 7:36:29 Updating base class ->close, by a3\weapons_f\config.bin/cfgWeapons/autocannon_Base_F/short/
 7:36:29 Updating base class ->short, by a3\weapons_f\config.bin/cfgWeapons/autocannon_Base_F/medium/
 7:36:29 Updating base class ->medium, by a3\weapons_f\config.bin/cfgWeapons/autocannon_Base_F/far/
 7:36:29 Updating base class ->Default, by a3\weapons_f\config.bin/cfgWeapons/GrenadeLauncher/
 7:36:29 Updating base class ->Rifle, by a3\weapons_f\config.bin/cfgWeapons/Rifle_Base_F/
 7:36:29 Updating base class ->Rifle_Base_F, by a3\weapons_f\config.bin/cfgWeapons/Rifle_Long_Base_F/
 7:36:29 Updating base class ->Pistol, by a3\weapons_f\config.bin/cfgWeapons/Pistol_Base_F/
 7:36:29 Updating base class ->MineCore, by a3\weapons_f\explosives\config.bin/cfgAmmo/MineBase/
 7:36:29 Updating base class ->BoundingMineCore, by a3\weapons_f\explosives\config.bin/cfgAmmo/BoundingMineBase/
 7:36:29 Updating base class ->DirectionalBombCore, by a3\weapons_f\explosives\config.bin/cfgAmmo/DirectionalBombBase/
 7:36:29 Updating base class ->PipeBombCore, by a3\weapons_f\explosives\config.bin/cfgAmmo/PipeBombBase/
 7:36:29 Updating base class RscText->ctrlStaticBackgroundDisable, by a3\3den\config.bin/RscDisplayOptionsAudio/ControlsBackground/BackgroundDisable/
 7:36:29 Updating base class RscText->ctrlStaticBackgroundDisableTiles, by a3\3den\config.bin/RscDisplayOptionsAudio/ControlsBackground/BackgroundDisableTiles/
 7:36:29 Updating base class RscText->ctrlStaticBackgroundDisable, by a3\3den\config.bin/RscDisplayConfigure/ControlsBackground/BackgroundDisable/
 7:36:29 Updating base class RscText->ctrlStaticBackgroundDisableTiles, by a3\3den\config.bin/RscDisplayConfigure/ControlsBackground/BackgroundDisableTiles/
 7:36:29 Updating base class RscText->ctrlStaticBackgroundDisable, by a3\3den\config.bin/RscDisplayConfigureAction/ControlsBackground/BackgroundDisable/
 7:36:29 Updating base class RscText->ctrlStaticBackgroundDisableTiles, by a3\3den\config.bin/RscDisplayConfigureAction/ControlsBackground/BackgroundDisableTiles/
 7:36:29 Updating base class RscText->ctrlStaticBackgroundDisable, by a3\3den\config.bin/RscDisplayConfigureControllers/ControlsBackground/BackgroundDisable/
 7:36:29 Updating base class RscText->ctrlStaticBackgroundDisableTiles, by a3\3den\config.bin/RscDisplayConfigureControllers/ControlsBackground/BackgroundDisableTiles/
 7:36:29 Updating base class RscText->ctrlStaticBackgroundDisable, by a3\3den\config.bin/RscDisplayGameOptions/ControlsBackground/BackgroundDisable/
 7:36:29 Updating base class RscText->ctrlStaticBackgroundDisableTiles, by a3\3den\config.bin/RscDisplayGameOptions/ControlsBackground/BackgroundDisableTiles/
 7:36:29 Updating base class controls->, by a3\3den\config.bin/RscDisplayArcadeMap_Layout_2/Controls/
 7:36:29 Updating base class controls->, by a3\3den\config.bin/RscDisplayArcadeMap_Layout_6/Controls/
 7:36:30 Updating base class ->SlotInfo, by a3\weapons_f_mark\config.bin/UnderBarrelSlot/
 7:36:30 Updating base class Rifle_Base_F->Rifle_Long_Base_F, by a3\weapons_f_mark\longrangerifles\dmr_03\config.bin/CfgWeapons/DMR_03_base_F/
 7:36:30 Updating base class Rifle_Base_F->Rifle_Long_Base_F, by a3\weapons_f_mark\longrangerifles\dmr_05\config.bin/CfgWeapons/DMR_05_base_F/
 7:36:30 Updating base class Rifle_Base_F->Rifle_Long_Base_F, by a3\weapons_f_mark\longrangerifles\dmr_06\config.bin/cfgWeapons/DMR_06_base_F/
 7:36:30 Updating base class Rifle_Base_F->Rifle_Long_Base_F, by a3\weapons_f_mark\machineguns\mmg_01\config.bin/CfgWeapons/MMG_01_base_F/
 7:36:30 Updating base class Rifle_Base_F->Rifle_Long_Base_F, by a3\weapons_f_mark\machineguns\mmg_02\config.bin/CfgWeapons/MMG_02_base_F/
 7:36:30 Updating base class RscStandardDisplay->, by exile_client\config.bin/RscDisplayMain/
 7:36:30 Updating base class RscStandardDisplay->, by exile_client\config.bin/RscDisplayMultiplayerSetup/
 7:36:30 Updating base class RscPicture->RscText, by exile_client\config.bin/RscDisplayVoiceChat/controls/Picture/
 7:36:30 Updating base class ->Car_F, by Exile_psycho_Gaz_volha\config.bin/CfgVehicles/volha_Base/
 7:36:30 Updating base class ->Landrover_civ, by Exile_psycho_LRC\config.bin/CfgVehicles/Landrover_Civ_02/
 7:36:30 Updating base class ->Landrover_civ, by Exile_psycho_LRC\config.bin/CfgVehicles/LR_Ambulance_Base/
 7:36:30 Updating base class ->Octavia_Base, by Exile_psycho_Octavia\config.bin/CfgVehicles/Octavia_Civ_01/
 7:36:30 Updating base class ->Car_F, by Exile_psycho_SUV_a3\config.bin/CfgVehicles/SUV_Base/
 7:36:30 Updating base class ->Car_F, by exile_psycho_tractor\config.bin/CfgVehicles/Tractor_Base/
 7:36:30 Updating base class ->Tractor_Base, by exile_psycho_tractor\config.bin/CfgVehicles/tractorOld/
 7:36:30 Updating base class ->UH1H_Closed, by Exile_psycho_UH1H\config.bin/CfgVehicles/UH1H_Clo/
 7:36:30 Updating base class ->UH1HL_base, by Exile_psycho_UH1H\config.bin/CfgVehicles/UH1H_M240/
 7:36:30 Updating base class ->Ikarus_Civ_Base, by Exile_psycho_Ikarus\config.bin/CfgVehicles/Ikarus_Civ_01/
 7:36:30 Updating base class ->Car_F, by Exile_psycho_lada\config.bin/CfgVehicles/Lada_Base/
 7:36:30 Updating base class ->Car_F, by Exile_Psycho_towtractor\config.bin/CfgVehicles/TowingTractor/
 7:36:30 Updating base class ->Offroad_01_base_F, by Exile_Psycho_UAZ\config.bin/CfgVehicles/UAZ_Base/
 7:36:30 Updating base class ->UAZ_Base, by Exile_Psycho_UAZ\config.bin/CfgVehicles/UAZ_Open_Base/
 7:36:30 Updating base class ->Ural_Base, by Exile_psycho_Ural\config.bin/CfgVehicles/Ural_RU/
 7:36:30 Updating base class ->Ural_Open_Base, by Exile_psycho_Ural\config.bin/CfgVehicles/Ural_Open_RU/
 7:36:30 ragdollHitDmgLimit (0.000000) is lower than minimum (0.010000) and it was set to min.
 7:36:30 Initializing Steam Manager
 7:36:30 Starting initial content check.
 7:36:30 Steam Manager initialized.
 7:36:30 
 7:36:30 ==== Loaded addons ====
 7:36:30 
 7:36:30 dta\bin.pbo - unknown
 7:36:30 dta\core.pbo - 84186
 7:36:30 dta\languagecore_f.pbo - 93952
 7:36:30 C:\Servers\Arma 3 Exile Server\@Esseker\addons\cst_industrial.pbo - unknown
 7:36:30 C:\Servers\Arma 3 Exile Server\@Esseker\addons\cst_infrastructure.pbo - unknown
 7:36:30 C:\Servers\Arma 3 Exile Server\@Esseker\addons\cst_misc.pbo - unknown
 7:36:30 C:\Servers\Arma 3 Exile Server\@Esseker\addons\cst_residential.pbo - unknown
 7:36:30 C:\Servers\Arma 3 Exile Server\@Esseker\addons\cst_veg.pbo - unknown
 7:36:30 C:\Servers\Arma 3 Exile Server\@Esseker\addons\esseker.pbo - unknown
 7:36:30 C:\Servers\Arma 3 Exile Server\@Esseker\addons\es_buildings.pbo - unknown
 7:36:30 C:\Servers\Arma 3 Exile Server\@Esseker\addons\sar_obelisk.pbo - unknown
 7:36:30 C:\Servers\Arma 3 Exile Server\@Esseker\addons\sar_ru_architect.pbo - unknown
 7:36:30 C:\Servers\Arma 3 Exile Server\@Esseker\addons\sar_struktures.pbo - unknown
 7:36:30 C:\Servers\Arma 3 Exile Server\mark\addons\anims_f_mark.pbo - 87643
 7:36:30 C:\Servers\Arma 3 Exile Server\mark\addons\characters_f_mark.pbo - 92219
 7:36:30 C:\Servers\Arma 3 Exile Server\mark\addons\data_f_mark.pbo - 91796
 7:36:30 C:\Servers\Arma 3 Exile Server\mark\addons\dubbing_f_mark.pbo - 81923
 7:36:30 C:\Servers\Arma 3 Exile Server\mark\addons\dubbing_f_mp_mark.pbo - 81923
 7:36:30 C:\Servers\Arma 3 Exile Server\mark\addons\functions_f_mark.pbo - 92129
 7:36:30 C:\Servers\Arma 3 Exile Server\mark\addons\functions_f_mp_mark.pbo - 92347
 7:36:30 C:\Servers\Arma 3 Exile Server\mark\addons\languagemissions_f_mark.pbo - 93293
 7:36:30 C:\Servers\Arma 3 Exile Server\mark\addons\languagemissions_f_mp_mark.pbo - 93293
 7:36:30 C:\Servers\Arma 3 Exile Server\mark\addons\language_f_mark.pbo - 93293
 7:36:30 C:\Servers\Arma 3 Exile Server\mark\addons\language_f_mp_mark.pbo - 93293
 7:36:30 C:\Servers\Arma 3 Exile Server\mark\addons\missions_f_mark.pbo - 92020
 7:36:30 C:\Servers\Arma 3 Exile Server\mark\addons\missions_f_mark_data.pbo - 88838
 7:36:30 C:\Servers\Arma 3 Exile Server\mark\addons\missions_f_mark_video.pbo - 81429
 7:36:30 C:\Servers\Arma 3 Exile Server\mark\addons\missions_f_mp_mark.pbo - 91962
 7:36:30 C:\Servers\Arma 3 Exile Server\mark\addons\missions_f_mp_mark_data.pbo - 90131
 7:36:30 C:\Servers\Arma 3 Exile Server\mark\addons\modules_f_mark.pbo - 91796
 7:36:30 C:\Servers\Arma 3 Exile Server\mark\addons\modules_f_mp_mark.pbo - 92210
 7:36:30 C:\Servers\Arma 3 Exile Server\mark\addons\music_f_mark.pbo - 81958
 7:36:30 C:\Servers\Arma 3 Exile Server\mark\addons\music_f_mark_music.pbo - 81930
 7:36:30 C:\Servers\Arma 3 Exile Server\mark\addons\sounds_f_mark.pbo - 93397
 7:36:30 C:\Servers\Arma 3 Exile Server\mark\addons\static_f_mark.pbo - 92219
 7:36:30 C:\Servers\Arma 3 Exile Server\mark\addons\structures_f_mark.pbo - 92417
 7:36:30 C:\Servers\Arma 3 Exile Server\mark\addons\supplies_f_mark.pbo - 91796
 7:36:30 C:\Servers\Arma 3 Exile Server\mark\addons\ui_f_mark.pbo - 84397
 7:36:30 C:\Servers\Arma 3 Exile Server\mark\addons\ui_f_mp_mark.pbo - 92052
 7:36:30 C:\Servers\Arma 3 Exile Server\mark\addons\weapons_f_mark.pbo - 92549
 7:36:30 C:\Servers\Arma 3 Exile Server\kart\addons\anims_f_kart.pbo - 80475
 7:36:30 C:\Servers\Arma 3 Exile Server\kart\addons\characters_f_kart.pbo - 92295
 7:36:30 C:\Servers\Arma 3 Exile Server\kart\addons\data_f_kart.pbo - 91796
 7:36:30 C:\Servers\Arma 3 Exile Server\kart\addons\languagemissions_f_kart.pbo - 93242
 7:36:30 C:\Servers\Arma 3 Exile Server\kart\addons\language_f_kart.pbo - 93293
 7:36:30 C:\Servers\Arma 3 Exile Server\kart\addons\missions_f_kart.pbo - 89758
 7:36:30 C:\Servers\Arma 3 Exile Server\kart\addons\missions_f_kart_data.pbo - 75687
 7:36:30 C:\Servers\Arma 3 Exile Server\kart\addons\modules_f_kart.pbo - 92406
 7:36:30 C:\Servers\Arma 3 Exile Server\kart\addons\modules_f_kart_data.pbo - 91796
 7:36:30 C:\Servers\Arma 3 Exile Server\kart\addons\soft_f_kart.pbo - 92219
 7:36:30 C:\Servers\Arma 3 Exile Server\kart\addons\sounds_f_kart.pbo - 79398
 7:36:30 C:\Servers\Arma 3 Exile Server\kart\addons\structures_f_kart.pbo - 92417
 7:36:30 C:\Servers\Arma 3 Exile Server\kart\addons\ui_f_kart.pbo - 73106
 7:36:30 C:\Servers\Arma 3 Exile Server\kart\addons\weapons_f_kart.pbo - 92332
 7:36:30 C:\Servers\Arma 3 Exile Server\heli\addons\air_f_heli.pbo - 93382
 7:36:30 C:\Servers\Arma 3 Exile Server\heli\addons\anims_f_heli.pbo - 92014
 7:36:30 C:\Servers\Arma 3 Exile Server\heli\addons\boat_f_heli.pbo - 91796
 7:36:30 C:\Servers\Arma 3 Exile Server\heli\addons\cargoposes_f_heli.pbo - 91484
 7:36:30 C:\Servers\Arma 3 Exile Server\heli\addons\data_f_heli.pbo - 91796
 7:36:30 C:\Servers\Arma 3 Exile Server\heli\addons\dubbing_f_heli.pbo - 75138
 7:36:30 C:\Servers\Arma 3 Exile Server\heli\addons\functions_f_heli.pbo - 91673
 7:36:30 C:\Servers\Arma 3 Exile Server\heli\addons\languagemissions_f_heli.pbo - 93293
 7:36:30 C:\Servers\Arma 3 Exile Server\heli\addons\language_f_heli.pbo - 93293
 7:36:30 C:\Servers\Arma 3 Exile Server\heli\addons\missions_f_heli.pbo - 91795
 7:36:30 C:\Servers\Arma 3 Exile Server\heli\addons\missions_f_heli_data.pbo - 75977
 7:36:30 C:\Servers\Arma 3 Exile Server\heli\addons\missions_f_heli_video.pbo - 75065
 7:36:30 C:\Servers\Arma 3 Exile Server\heli\addons\modules_f_heli.pbo - 91795
 7:36:30 C:\Servers\Arma 3 Exile Server\heli\addons\music_f_heli.pbo - 87643
 7:36:30 C:\Servers\Arma 3 Exile Server\heli\addons\music_f_heli_music.pbo - 87643
 7:36:30 C:\Servers\Arma 3 Exile Server\heli\addons\soft_f_heli.pbo - 91798
 7:36:30 C:\Servers\Arma 3 Exile Server\heli\addons\sounds_f_heli.pbo - 79398
 7:36:30 C:\Servers\Arma 3 Exile Server\heli\addons\structures_f_heli.pbo - 92499
 7:36:30 C:\Servers\Arma 3 Exile Server\heli\addons\supplies_f_heli.pbo - 92499
 7:36:30 C:\Servers\Arma 3 Exile Server\heli\addons\ui_f_heli.pbo - 76986
 7:36:30 C:\Servers\Arma 3 Exile Server\@ExileServer\addons\exile_server.pbo - unknown
 7:36:30 C:\Servers\Arma 3 Exile Server\@ExileServer\addons\exile_server_config.pbo - unknown
 7:36:30 C:\Servers\Arma 3 Exile Server\@Exile\addons\dbo_old_bike.pbo - unknown
 7:36:30 C:\Servers\Arma 3 Exile Server\@Exile\addons\exile_assets.pbo - unknown
 7:36:30 C:\Servers\Arma 3 Exile Server\@Exile\addons\exile_client.pbo - unknown
 7:36:30 C:\Servers\Arma 3 Exile Server\@Exile\addons\exile_psycho_gaz_volha.pbo - unknown
 7:36:30 C:\Servers\Arma 3 Exile Server\@Exile\addons\exile_psycho_ikarus.pbo - unknown
 7:36:30 C:\Servers\Arma 3 Exile Server\@Exile\addons\exile_psycho_lada.pbo - unknown
 7:36:30 C:\Servers\Arma 3 Exile Server\@Exile\addons\exile_psycho_lrc.pbo - unknown
 7:36:30 C:\Servers\Arma 3 Exile Server\@Exile\addons\exile_psycho_octavia.pbo - unknown
 7:36:30 C:\Servers\Arma 3 Exile Server\@Exile\addons\exile_psycho_suv_a3.pbo - unknown
 7:36:30 C:\Servers\Arma 3 Exile Server\@Exile\addons\exile_psycho_towtractor.pbo - unknown
 7:36:30 C:\Servers\Arma 3 Exile Server\@Exile\addons\exile_psycho_tractor.pbo - unknown
 7:36:30 C:\Servers\Arma 3 Exile Server\@Exile\addons\exile_psycho_uaz.pbo - unknown
 7:36:30 C:\Servers\Arma 3 Exile Server\@Exile\addons\exile_psycho_uh1h.pbo - unknown
 7:36:30 C:\Servers\Arma 3 Exile Server\@Exile\addons\exile_psycho_ural.pbo - unknown
 7:36:30 C:\Servers\Arma 3 Exile Server\@Exile\addons\gnt_c185.pbo - unknown
 7:36:30 C:\Servers\Arma 3 Exile Server\curator\addons\data_f_curator.pbo - 92825
 7:36:30 C:\Servers\Arma 3 Exile Server\curator\addons\functions_f_curator.pbo - 92869
 7:36:30 C:\Servers\Arma 3 Exile Server\curator\addons\language_f_curator.pbo - 93293
 7:36:30 C:\Servers\Arma 3 Exile Server\curator\addons\missions_f_curator.pbo - 91795
 7:36:30 C:\Servers\Arma 3 Exile Server\curator\addons\modules_f_curator.pbo - 92935
 7:36:30 C:\Servers\Arma 3 Exile Server\curator\addons\ui_f_curator.pbo - 90981
 7:36:30 addons\3den.pbo - 93478
 7:36:30 addons\3den_language.pbo - 93293
 7:36:30 addons\a3.pbo - unknown
 7:36:30 addons\air_f.pbo - 92215
 7:36:30 addons\air_f_beta.pbo - 92216
 7:36:30 addons\air_f_epb.pbo - 92217
 7:36:30 addons\air_f_epc.pbo - 92217
 7:36:30 addons\air_f_gamma.pbo - 92217
 7:36:30 addons\animals_f.pbo - 93217
 7:36:30 addons\animals_f_beta.pbo - 91796
 7:36:30 addons\anims_f.pbo - 92711
 7:36:30 addons\anims_f_bootcamp.pbo - 88948
 7:36:30 addons\anims_f_data.pbo - 92643
 7:36:30 addons\anims_f_epa.pbo - 89360
 7:36:30 addons\anims_f_epc.pbo - 79126
 7:36:30 addons\anims_f_exp_a.pbo - 92435
 7:36:30 addons\armor_f.pbo - 91796
 7:36:30 addons\armor_f_beta.pbo - 92295
 7:36:30 addons\armor_f_epb.pbo - 92218
 7:36:30 addons\armor_f_epc.pbo - 91793
 7:36:30 addons\armor_f_gamma.pbo - 92218
 7:36:30 addons\baseconfig_f.pbo - 73106
 7:36:30 addons\boat_f.pbo - 92387
 7:36:30 addons\boat_f_beta.pbo - 92219
 7:36:30 addons\boat_f_epc.pbo - 92219
 7:36:30 addons\boat_f_gamma.pbo - 92649
 7:36:30 addons\cargoposes_f.pbo - 93278
 7:36:30 addons\characters_f.pbo - 92499
 7:36:30 addons\characters_f_beta.pbo - 91796
 7:36:30 addons\characters_f_bootcamp.pbo - 91796
 7:36:30 addons\characters_f_epa.pbo - 91796
 7:36:30 addons\characters_f_epb.pbo - 91796
 7:36:30 addons\characters_f_epc.pbo - 91796
 7:36:30 addons\characters_f_gamma.pbo - 91796
 7:36:30 addons\data_f.pbo - 92794
 7:36:30 addons\data_f_bootcamp.pbo - 91796
 7:36:30 addons\data_f_exp_a.pbo - 92638
 7:36:30 addons\data_f_exp_b.pbo - 92546
 7:36:30 addons\drones_f.pbo - 92219
 7:36:30 addons\dubbing_f.pbo - 73106
 7:36:30 addons\dubbing_f_beta.pbo - 73106
 7:36:30 addons\dubbing_f_bootcamp.pbo - 87093
 7:36:30 addons\dubbing_f_epa.pbo - 73106
 7:36:30 addons\dubbing_f_epb.pbo - 76110
 7:36:30 addons\dubbing_f_epc.pbo - 87001
 7:36:30 addons\dubbing_f_gamma.pbo - 73106
 7:36:30 addons\dubbing_radio_f.pbo - 89312
 7:36:30 addons\dubbing_radio_f_data_eng.pbo - 92967
 7:36:30 addons\dubbing_radio_f_data_engb.pbo - 89130
 7:36:30 addons\dubbing_radio_f_data_gre.pbo - 89130
 7:36:30 addons\dubbing_radio_f_data_per.pbo - 89130
 7:36:30 addons\dubbing_radio_f_data_vr.pbo - 89130
 7:36:30 addons\editor_f.pbo - 82563
 7:36:30 addons\functions_f.pbo - 93806
 7:36:30 addons\functions_f_bootcamp.pbo - 92936
 7:36:30 addons\functions_f_epa.pbo - 91671
 7:36:30 addons\functions_f_epc.pbo - 91673
 7:36:30 addons\functions_f_exp_a.pbo - 92211
 7:36:30 addons\languagemissions_f.pbo - 93293
 7:36:30 addons\languagemissions_f_beta.pbo - 93293
 7:36:30 addons\languagemissions_f_bootcamp.pbo - 93293
 7:36:30 addons\languagemissions_f_epa.pbo - 93293
 7:36:30 addons\languagemissions_f_epb.pbo - 93293
 7:36:30 addons\languagemissions_f_epc.pbo - 93293
 7:36:30 addons\languagemissions_f_exp_a.pbo - 93293
 7:36:30 addons\languagemissions_f_gamma.pbo - 93293
 7:36:30 addons\language_f.pbo - 93293
 7:36:30 addons\language_f_beta.pbo - 93293
 7:36:30 addons\language_f_bootcamp.pbo - 93293
 7:36:30 addons\language_f_epa.pbo - 93293
 7:36:30 addons\language_f_epb.pbo - 93293
 7:36:30 addons\language_f_epc.pbo - 93293
 7:36:30 addons\language_f_exp_a.pbo - 93293
 7:36:30 addons\language_f_exp_b.pbo - 93293
 7:36:30 addons\language_f_gamma.pbo - 93293
 7:36:30 addons\map_altis.pbo - 92834
 7:36:30 addons\map_altis_data.pbo - 92834
 7:36:30 addons\map_altis_data_layers.pbo - 92834
 7:36:30 addons\map_altis_data_layers_00_00.pbo - 92834
 7:36:30 addons\map_altis_data_layers_00_01.pbo - 92834
 7:36:30 addons\map_altis_data_layers_01_00.pbo - 92834
 7:36:30 addons\map_altis_data_layers_01_01.pbo - 92834
 7:36:30 addons\map_altis_scenes_f.pbo - 73106
 7:36:30 addons\map_data.pbo - 91860
 7:36:30 addons\map_stratis.pbo - 91796
 7:36:30 addons\map_stratis_data.pbo - 90788
 7:36:30 addons\map_stratis_data_layers.pbo - 90788
 7:36:30 addons\map_stratis_scenes_f.pbo - 73106
 7:36:30 addons\map_vr.pbo - 91796
 7:36:30 addons\map_vr_scenes_f.pbo - 90788
 7:36:30 addons\misc_f.pbo - 92499
 7:36:30 addons\missions_f.pbo - 92743
 7:36:30 addons\missions_f_beta.pbo - 92020
 7:36:30 addons\missions_f_beta_data.pbo - 85005
 7:36:30 addons\missions_f_beta_video.pbo - 73106
 7:36:30 addons\missions_f_bootcamp.pbo - 91921
 7:36:30 addons\missions_f_bootcamp_data.pbo - 72362
 7:36:30 addons\missions_f_bootcamp_video.pbo - 75065
 7:36:30 addons\missions_f_data.pbo - 92728
 7:36:30 addons\missions_f_epa.pbo - 92525
 7:36:30 addons\missions_f_epa_data.pbo - 73106
 7:36:30 addons\missions_f_epa_video.pbo - 73106
 7:36:30 addons\missions_f_epb.pbo - 92744
 7:36:30 addons\missions_f_epb_data.pbo - 92728
 7:36:30 addons\missions_f_epb_video.pbo - 73106
 7:36:30 addons\missions_f_epc.pbo - 92211
 7:36:30 addons\missions_f_epc_data.pbo - 84724
 7:36:30 addons\missions_f_epc_video.pbo - 84725
 7:36:30 addons\missions_f_exp_a.pbo - 91740
 7:36:30 addons\missions_f_exp_a_data.pbo - 90131
 7:36:30 addons\missions_f_gamma.pbo - 92020
 7:36:30 addons\missions_f_gamma_data.pbo - 86243
 7:36:30 addons\missions_f_gamma_video.pbo - 73106
 7:36:30 addons\missions_f_video.pbo - 73106
 7:36:30 addons\modules_f.pbo - 93384
 7:36:30 addons\modules_f_beta.pbo - 92744
 7:36:30 addons\modules_f_beta_data.pbo - 92729
 7:36:30 addons\modules_f_bootcamp.pbo - 91795
 7:36:30 addons\modules_f_data.pbo - 91796
 7:36:30 addons\modules_f_epb.pbo - 91796
 7:36:30 addons\modules_f_exp_a.pbo - 88829
 7:36:30 addons\music_f.pbo - 73106
 7:36:30 addons\music_f_bootcamp.pbo - 73106
 7:36:30 addons\music_f_bootcamp_music.pbo - 73106
 7:36:30 addons\music_f_epa.pbo - 73106
 7:36:30 addons\music_f_epa_music.pbo - 73106
 7:36:30 addons\music_f_epb.pbo - 73106
 7:36:30 addons\music_f_epb_music.pbo - 73106
 7:36:30 addons\music_f_epc.pbo - 87643
 7:36:30 addons\music_f_epc_music.pbo - 73106
 7:36:30 addons\music_f_music.pbo - 73106
 7:36:30 addons\plants_f.pbo - 92798
 7:36:30 addons\props_f_exp_a.pbo - 92219
 7:36:30 addons\roads_f.pbo - 92417
 7:36:30 addons\rocks_f.pbo - 91643
 7:36:30 addons\signs_f.pbo - 92360
 7:36:30 addons\soft_f.pbo - 92417
 7:36:30 addons\soft_f_beta.pbo - 92219
 7:36:30 addons\soft_f_bootcamp.pbo - 91798
 7:36:30 addons\soft_f_epc.pbo - 92219
 7:36:30 addons\soft_f_gamma.pbo - 92417
 7:36:30 addons\sounds_f.pbo - 92963
 7:36:30 addons\sounds_f_arsenal.pbo - 92964
 7:36:30 addons\sounds_f_bootcamp.pbo - 91796
 7:36:30 addons\sounds_f_characters.pbo - 90106
 7:36:30 addons\sounds_f_environment.pbo - 88851
 7:36:30 addons\sounds_f_epb.pbo - 88761
 7:36:30 addons\sounds_f_epc.pbo - 86933
 7:36:30 addons\sounds_f_exp_a.pbo - 88829
 7:36:30 addons\sounds_f_sfx.pbo - 88881
 7:36:30 addons\sounds_f_vehicles.pbo - 92131
 7:36:30 addons\sounds_f_weapons.pbo - 84865
 7:36:30 addons\static_f.pbo - 92794
 7:36:30 addons\static_f_beta.pbo - 91798
 7:36:30 addons\static_f_gamma.pbo - 91798
 7:36:30 addons\structures_f.pbo - 92711
 7:36:30 addons\structures_f_bootcamp.pbo - 92499
 7:36:30 addons\structures_f_data.pbo - 91796
 7:36:30 addons\structures_f_epa.pbo - 92499
 7:36:30 addons\structures_f_epb.pbo - 92499
 7:36:30 addons\structures_f_epc.pbo - 92417
 7:36:30 addons\structures_f_exp_a.pbo - 91796
 7:36:30 addons\structures_f_households.pbo - 92499
 7:36:30 addons\structures_f_ind.pbo - 92499
 7:36:30 addons\structures_f_mil.pbo - 93795
 7:36:30 addons\structures_f_wrecks.pbo - 92360
 7:36:30 addons\uifonts_f.pbo - 93100
 7:36:30 addons\uifonts_f_data.pbo - 93149
 7:36:30 addons\ui_f.pbo - 93138
 7:36:30 addons\ui_f_bootcamp.pbo - 76325
 7:36:30 addons\ui_f_data.pbo - 93060
 7:36:30 addons\ui_f_exp_a.pbo - 92483
 7:36:30 addons\weapons_f.pbo - 92834
 7:36:30 addons\weapons_f_beta.pbo - 92208
 7:36:30 addons\weapons_f_bootcamp.pbo - 91796
 7:36:30 addons\weapons_f_epa.pbo - 91798
 7:36:30 addons\weapons_f_epb.pbo - 91798
 7:36:30 addons\weapons_f_epc.pbo - 91798
 7:36:30 addons\weapons_f_gamma.pbo - 91798
 7:36:30 
 7:36:30 =======================
 7:36:30 
 7:36:30 ============================================================================================= List of mods ===============================================================================================
 7:36:30 modsReadOnly = true
 7:36:30 safeModsActivated = false
 7:36:30 customMods = true
 7:36:30 hash = '65E0F8AB4869BA40D73D2793F7ECCCD5F60B767D'
 7:36:30 hashShort = '161b2068'
 7:36:30                                               name |               modDir |    default |               origin |                                     hash | hashShort | fullPath
 7:36:30 ----------------------------------------------------------------------------------------------------------------------------------------------------------------------------------------------------------
 7:36:30                                           @Esseker |             @Esseker |      false |             GAME DIR | 8c9340dbc80b913fcfa10d01e55ff4f5b9383b3e |  81953dbc | C:\Servers\Arma 3 Exile Server\@Esseker
 7:36:30                                    Arma 3 Marksmen |                 mark |       true |             GAME DIR | ee2a34f8c08de27c3a3fae38611c439713520a93 |  b59d9aca | C:\Servers\Arma 3 Exile Server\mark
 7:36:30                                       Arma 3 Karts |                 kart |       true |             GAME DIR | 5551a1af2cb81f522af90065a6d663089851c32b |  618aafea | C:\Servers\Arma 3 Exile Server\kart
 7:36:30                                 Arma 3 Helicopters |                 heli |       true |             GAME DIR | 2d6274ea02a85a5be45a58076928acdfa2829f0f |  475a9cb9 | C:\Servers\Arma 3 Exile Server\heli
 7:36:30                                       @ExileServer |         @ExileServer |      false |             GAME DIR | 91e2934ed1fc11ef8243e501ef482830d7bf4036 |  32de37fb | C:\Servers\Arma 3 Exile Server\@ExileServer
 7:36:30                                          Exile Mod |               @Exile |      false |             GAME DIR | 2da2bc9a6ba5c85a2b8352cb4e4efed329f86d1a |  fa374743 | C:\Servers\Arma 3 Exile Server\@Exile
 7:36:30                                  Arma 3 DLC Bundle |            dlcbundle |       true |            NOT FOUND |                                          |           | 
 7:36:30                                        Arma 3 Zeus |              curator |       true |             GAME DIR | c33f513e3eca4e82f790da3986a4264f57719bc5 |  ba819c35 | C:\Servers\Arma 3 Exile Server\curator
 7:36:30                                             Arma 3 |                   A3 |       true |            NOT FOUND |                                          |           | 
 7:36:30 ==========================================================================================================================================================================================================
 7:36:30 InitSound ...
 7:36:30 InitSound - complete
 7:36:30 PhysX3 SDK Init started ...
 7:36:30 PhysX3 SDK Init ended.
 7:36:31 Attempt to override final function - rscminimap_script
 7:36:31 Attempt to override final function - rscdisplayloading_script
 7:36:31 Attempt to override final function - rscdisplayloading_script
 7:36:31 Attempt to override final function - rscdisplayloading_script
 7:36:31 Attempt to override final function - rscdiary_script
 7:36:32 Attempt to override final function - rscdisplaysinglemission_script
 7:36:32 Attempt to override final function - rscdiary_script
 7:36:32 Attempt to override final function - rscdisplayremotemissions_script
 7:36:32 Attempt to override final function - rscdisplayloading_script
 7:36:32 Attempt to override final function - rscdiary_script
 7:36:32 Attempt to override final function - rscdiary_script
 7:36:32 Attempt to override final function - rscdisplaystrategicmap_script
 7:36:32 Attempt to override final function - rscdisplaycommon_script
 7:36:32 Attempt to override final function - rscdisplaygarage_script
 7:36:32 Attempt to override final function - rscdisplayloading_script
 7:36:32 Attempt to override final function - rscdisplaycurator_script
 7:36:32 Attempt to override final function - rscdisplayattributes_script
 7:36:32 Attempt to override final function - rscdisplayattributes_script
 7:36:32 Attempt to override final function - rscdisplayattributes_script
 7:36:32 Attempt to override final function - display3deneditattributes_script
 7:36:32 Attempt to override final function - display3deneditattributes_script
 7:36:32 Attempt to override final function - rscdisplayhostsettings_script
 7:36:32 Attempt to override final function - rscdisplaycommon_script
 7:36:32 Attempt to override final function - rscdisplaydebriefing_script
 7:36:32 Attempt to override final function - rscunitinfo_script
 7:36:32 Attempt to override final function - rscunitinfo_script
 7:36:32 Attempt to override final function - rscunitinfo_script
 7:36:32 Attempt to override final function - rscunitinfo_script
 7:36:32 Attempt to override final function - rscunitinfo_script
 7:36:32 Attempt to override final function - rscunitinfo_script
 7:36:32 Attempt to override final function - rscunitinfo_script
 7:36:32 Attempt to override final function - rscunitinfo_script
 7:36:32 Attempt to override final function - rscunitinfo_script
 7:36:32 Attempt to override final function - rscunitinfo_script
 7:36:32 Attempt to override final function - rscunitinfo_script
 7:36:32 Attempt to override final function - rscunitinfo_script
 7:36:32 Attempt to override final function - rscunitinfo_script
 7:36:32 Attempt to override final function - rscunitinfo_script
 7:36:32 Attempt to override final function - rscunitinfo_script
 7:36:32 Attempt to override final function - rscunitinfo_script
 7:36:32 Attempt to override final function - rscunitinfo_script
 7:36:32 Attempt to override final function - rscunitinfo_script
 7:36:32 Attempt to override final function - rscunitinfo_script
 7:36:32 Attempt to override final function - rscunitinfo_script
 7:36:32 Attempt to override final function - rscunitinfo_script
 7:36:32 Attempt to override final function - rscunitinfo_script
 7:36:32 Attempt to override final function - rscunitinfo_script
 7:36:32 Attempt to override final function - rscunitinfo_script
 7:36:32 Attempt to override final function - rscunitinfo_script
 7:36:32 Attempt to override final function - rscunitinfo_script
 7:36:32 Attempt to override final function - rscunitinfo_script
 7:36:32 Attempt to override final function - rscunitinfo_script
 7:36:32 Attempt to override final function - rscunitinfo_script
 7:36:32 Attempt to override final function - rscunitinfo_script
 7:36:32 Attempt to override final function - rscunitinfo_script
 7:36:32 Attempt to override final function - rscunitinfo_script
 7:36:32 Attempt to override final function - rscunitinfo_script
 7:36:32 Attempt to override final function - rscunitinfo_script
 7:36:32 Attempt to override final function - rscunitinfo_script
 7:36:32 Attempt to override final function - rscunitinfo_script
 7:36:32 Attempt to override final function - rscunitinfo_script
 7:36:32 Attempt to override final function - rscunitinfo_script
 7:36:32 Attempt to override final function - rscunitinfo_script
 7:36:32 Attempt to override final function - rscunitinfo_script
 7:36:32 Attempt to override final function - rscunitinfo_script
 7:36:32 Attempt to override final function - rscunitinfo_script
 7:36:32 Attempt to override final function - rscunitinfo_script
 7:36:32 Attempt to override final function - rscunitinfo_script
 7:36:32 Attempt to override final function - rscunitinfo_script
 7:36:32 Attempt to override final function - rscunitinfo_script
 7:36:32 Attempt to override final function - rscunitinfo_script
 7:36:32 Attempt to override final function - rscunitinfo_script
 7:36:32 Attempt to override final function - rscunitinfo_script
 7:36:32 Attempt to override final function - rscunitinfo_script
 7:36:32 Attempt to override final function - rscunitinfo_script
 7:36:32 Attempt to override final function - rscunitinfo_script
 7:36:32 Attempt to override final function - rscunitinfo_script
 7:36:32 Attempt to override final function - rscunitinfo_script
 7:36:32 Attempt to override final function - rscunitinfo_script
 7:36:32 Attempt to override final function - rscunitinfo_script
 7:36:32 Attempt to override final function - rscunitinfo_script
 7:36:32 Attempt to override final function - rscunitinfo_script
 7:36:32 Attempt to override final function - slidertime_script
 7:36:32 Attempt to override final function - slidertime_script
 7:36:32 Attempt to override final function - slidertime_script
 7:36:34 VoteThreshold must be in 0..1 range. Defaulting to 0.5
Initializing Steam server - Game Port: 2302, Steam Query Port: 2303
Version: 2
GlobalFlags: 0
DLCFlags: 7
DLCHashes:
1636478954
-1247962422
1197120697
Mods(3):
Hash: -2120925764
PublishedId: 498101407
Name: @Esseker
Hash: 853424123
PublishedId: 0
Name: @ExileServer
Hash: -97040573
PublishedId: 0
Name: Exile Mod
Difficulty: 0
AILevel: 0
FlightModel: 0
ThirdPersonCamera: 0
WeaponCrosshair: 0
Signatures:
encodedStream length: 83
encodedStream: ÍØäa öùµπúZGº=ïÅül∞@Esseker˚7ﬁ2@ExileServerCG7˙	Exile Mod
parts size:1)
part(83): ÍØäa öùµπúZGº=ïÅül∞@Esseker˚7ﬁ2@ExileServerCG7˙	Exile Mod
File mpmissions\__cur_mp.Esseker\config.cpp, line 1875: '/CfgExileArsenal/arifle_mas_m4_m203.price': Missing ';' prior '}'
Starting mission:
 Mission file: Exile (__cur_mp)
 Mission world: Esseker
 Mission directory: mpmissions\__cur_mp.Esseker\
Warning Message: Picture exile_client\texture\mod\logo.paa not found
Warning Message: Picture exile_client\texture\mod\logo.paa not found
Warning Message: Cannot load material file ca\roads\data\asf.rvmat.
Cannot load material file ca\roads\data\asf.rvmat
No more slot to add connection at 032008 (3258.4,7991.3)
No more slot to add connection at 032007 (3278.3,7967.9)
No more slot to add connection at 036030 (3618.5,10173.7)
No more slot to add connection at 042957 (4259.3,2967.4)
No more slot to add connection at 086981 (8664.0,5328.5)
No more slot to add connection at 098983 (9860.6,5529.4)
No more slot to add connection at 101007 (10119.0,7917.7)
No more slot to add connection at 117007 (11793.2,7882.2)
No more slot to add connection at 120007 (12009.3,7960.6)
No more slot to add connection at 120007 (12009.3,7960.6)
Warning Message: Cannot open object ca\buildings2\ind_cementworks\ind_vysypka\ind_vysypka.p3d
Warning Message: Cannot open object ca\buildings2\shed_small\shed_m02.p3d
Warning Message: Cannot open object ca\buildings2\farm_wtower\farm_wtower.p3d
LODShape::Preload: shape 'ca\buildings\podesta_1_cornl.p3d' not found
Warning Message: Cannot open object ca\buildings\podesta_1_cornl.p3d
LODShape::Preload: shape 'ca\buildings\podesta_1_cornp.p3d' not found
Warning Message: Cannot open object ca\buildings\podesta_1_cornp.p3d
LODShape::Preload: shape 'ca\buildings\podesta_1_cube.p3d' not found
Warning Message: Cannot open object ca\buildings\podesta_1_cube.p3d
LODShape::Preload: shape 'ca\buildings\podesta_1_mid.p3d' not found
Warning Message: Cannot open object ca\buildings\podesta_1_mid.p3d
LODShape::Preload: shape 'ca\buildings\podesta_1_stairs2.p3d' not found
Warning Message: Cannot open object ca\buildings\podesta_1_stairs2.p3d
Warning Message: Cannot open object ca\buildings\misc\plot_rust_branka.p3d
LODShape::Preload: shape 'ca\buildings2\a_pub\a_pub_01.p3d' not found
Warning Message: Cannot open object ca\buildings2\a_pub\a_pub_01.p3d
LODShape::Preload: shape 'ca\buildings2\houseblocks\houseblock_c\houseblock_c3.p3d' not found
Warning Message: Cannot open object ca\buildings2\houseblocks\houseblock_c\houseblock_c3.p3d
LODShape::Preload: shape 'ca\buildings\podesta_s10.p3d' not found
Warning Message: Cannot open object ca\buildings\podesta_s10.p3d
Old style material 20 used in ReportStack not available
Old style material 20 used in ReportStack not available
Old style material 20 used in ReportStack not available
Warn: Shape '???' contains water texture however it does not carry a special class name. Consider craeting one to speed up the detection!
Warning Message: Cannot open object ca\buildings2\ind_cementworks\ind_malykomin\ind_malykomin.p3d
Warning Message: Cannot open object ca\buildings2\ind_cementworks\ind_pec\ind_pec_03.p3d
Warning Message: Cannot open object ca\buildings\telek1.p3d
LODShape::Preload: shape 'ca\structures\mil\mil_barracks.p3d' not found
Warning Message: Cannot open object ca\structures\mil\mil_barracks.p3d
Base class requested not found
LODShape::Preload: shape 'ca\structures\mil\mil_barracks_i.p3d' not found
Warning Message: Cannot open object ca\structures\mil\mil_barracks_i.p3d
LODShape::Preload: shape 'ca\structures\a_tvtower\a_tvtower_base.p3d' not found
Warning Message: Cannot open object ca\structures\a_tvtower\a_tvtower_base.p3d
LODShape::Preload: shape 'ca\structures\a_tvtower\a_tvtower_mid.p3d' not found
Warning Message: Cannot open object ca\structures\a_tvtower\a_tvtower_mid.p3d
LODShape::Preload: shape 'ca\structures\a_tvtower\a_tvtower_top.p3d' not found
Warning Message: Cannot open object ca\structures\a_tvtower\a_tvtower_top.p3d
LODShape::Preload: shape 'ca\structures\mil\mil_house.p3d' not found
Warning Message: Cannot open object ca\structures\mil\mil_house.p3d
a3\structures_f\training\target_rail_end_f.p3d: house, config class missing
a3\structures_f\training\target_rail_end_f.p3d: house, config class missing
Base class requested not found
LODShape::Preload: shape 'ca\buildings2\a_crane_02\a_crane_02a.p3d' not found
Warning Message: Cannot open object ca\buildings2\a_crane_02\a_crane_02a.p3d
Base class requested not found
LODShape::Preload: shape 'ca\buildings2\a_crane_02\a_crane_02b.p3d' not found
Warning Message: Cannot open object ca\buildings2\a_crane_02\a_crane_02b.p3d
Warning Message: Cannot open object ca\buildings\hangar_2.p3d
Warning Message: Cannot open object ca\buildings2\ind_tank\ind_tankbig.p3d
LODShape::Preload: shape 'ca\buildings\panelak3.p3d' not found
Warning Message: Cannot open object ca\buildings\panelak3.p3d
LODShape::Preload: shape 'ca\structures\furniture\chairs\hospital_bench\hospital_bench.p3d' not found
Warning Message: Cannot open object ca\structures\furniture\chairs\hospital_bench\hospital_bench.p3d
LODShape::Preload: shape 'ca\structures\mil\mil_controltower.p3d' not found
Warning Message: Cannot open object ca\structures\mil\mil_controltower.p3d
LODShape::Preload: shape 'ca\structures\house\housebt\houseb_tenement.p3d' not found
Warning Message: Cannot open object ca\structures\house\housebt\houseb_tenement.p3d
Warning Message: Cannot open object ca\buildings\vysilac_fm2.p3d
LODShape::Preload: shape 'ca\buildings2\houseblocks\houseblock_b\houseblock_b4.p3d' not found
Warning Message: Cannot open object ca\buildings2\houseblocks\houseblock_b\houseblock_b4.p3d
LODShape::Preload: shape 'ca\buildings2\houseblocks\houseblock_c\houseblock_c2.p3d' not found
Warning Message: Cannot open object ca\buildings2\houseblocks\houseblock_c\houseblock_c2.p3d
LODShape::Preload: shape 'ca\buildings2\houseblocks\houseblock_c\houseblock_c4.p3d' not found
Warning Message: Cannot open object ca\buildings2\houseblocks\houseblock_c\houseblock_c4.p3d
LODShape::Preload: shape 'ca\buildings2\houseblocks\houseblock_a\houseblock_a3.p3d' not found
Warning Message: Cannot open object ca\buildings2\houseblocks\houseblock_a\houseblock_a3.p3d
LODShape::Preload: shape 'ca\buildings2\houseblocks\houseblock_b\houseblock_b1.p3d' not found
Warning Message: Cannot open object ca\buildings2\houseblocks\houseblock_b\houseblock_b1.p3d
LODShape::Preload: shape 'ca\buildings2\a_generalstore_01\a_generalstore_01.p3d' not found
Warning Message: Cannot open object ca\buildings2\a_generalstore_01\a_generalstore_01.p3d
LODShape::Preload: shape 'ca\buildings2\houseblocks\houseblock_b\houseblock_b5.p3d' not found
Warning Message: Cannot open object ca\buildings2\houseblocks\houseblock_b\houseblock_b5.p3d
LODShape::Preload: shape 'ca\buildings2\houseblocks\houseblock_b\houseblock_b6.p3d' not found
Warning Message: Cannot open object ca\buildings2\houseblocks\houseblock_b\houseblock_b6.p3d
LODShape::Preload: shape 'ca\buildings2\houseblocks\houseblock_c\houseblock_c1.p3d' not found
Warning Message: Cannot open object ca\buildings2\houseblocks\houseblock_c\houseblock_c1.p3d
LODShape::Preload: shape 'ca\buildings2\houseblocks\houseblock_d\houseblock_d1.p3d' not found
Warning Message: Cannot open object ca\buildings2\houseblocks\houseblock_d\houseblock_d1.p3d
LODShape::Preload: shape 'ca\structures\furniture\chairs\ch_office_b\ch_office_b.p3d' not found
Warning Message: Cannot open object ca\structures\furniture\chairs\ch_office_b\ch_office_b.p3d
Warning Message: Cannot open object ca\buildings2\ind_shed_02\ind_shed_02_main.p3d
Warning Message: Cannot open object ca\buildings2\ind_shed_02\ind_shed_02_end.p3d
LODShape::Preload: shape 'ca\buildings2\houseblocks\houseblock_a\houseblock_a2.p3d' not found
Warning Message: Cannot open object ca\buildings2\houseblocks\houseblock_a\houseblock_a2.p3d
LODShape::Preload: shape 'ca\buildings2\houseblocks\houseblock_b\houseblock_b2.p3d' not found
Warning Message: Cannot open object ca\buildings2\houseblocks\houseblock_b\houseblock_b2.p3d
LODShape::Preload: shape 'ca\buildings2\houseblocks\houseblock_d\houseblock_d2.p3d' not found
Warning Message: Cannot open object ca\buildings2\houseblocks\houseblock_d\houseblock_d2.p3d
LODShape::Preload: shape 'ca\structures_e\housea\a_office01\a_office01_ep1.p3d' not found
Warning Message: Cannot open object ca\structures_e\housea\a_office01\a_office01_ep1.p3d
LODShape::Preload: shape 'ca\structures_e\housea\a_stationhouse\a_stationhouse_ep1.p3d' not found
Warning Message: Cannot open object ca\structures_e\housea\a_stationhouse\a_stationhouse_ep1.p3d
Warning Message: Cannot open object ca\buildings\dum_olezlina.p3d
Old style material 20 used in ReportStack not available
Old style material 20 used in ReportStack not available
Strange convex component19 in sar_ru_architect\raziya.p3d:geometryFire
LODShape::Preload: shape 'ca\structures\house\a_fuelstation\a_fuelstation_shed.p3d' not found
Warning Message: Cannot open object ca\structures\house\a_fuelstation\a_fuelstation_shed.p3d
LODShape::Preload: shape 'ca\buildings2\houseblocks\houseblock_a\houseblock_a1.p3d' not found
Warning Message: Cannot open object ca\buildings2\houseblocks\houseblock_a\houseblock_a1.p3d
Old style material 20 used in ReportStack not available
Old style material 20 used in ReportStack not available
LODShape::Preload: shape 'ca\structures\a_buildingwip\data\pipe-small\pipe-small.p3d' not found
Warning Message: Cannot open object ca\structures\a_buildingwip\data\pipe-small\pipe-small.p3d
LODShape::Preload: shape 'ca\structures\furniture\bathroom\sink\sink.p3d' not found
Warning Message: Cannot open object ca\structures\furniture\bathroom\sink\sink.p3d
LODShape::Preload: shape 'ca\structures\furniture\bathroom\toilet_b_02\toilet_b_02.p3d' not found
Warning Message: Cannot open object ca\structures\furniture\bathroom\toilet_b_02\toilet_b_02.p3d
LODShape::Preload: shape 'ca\structures\furniture\decoration\wallboards\wall_board\wall_board.p3d' not found
Warning Message: Cannot open object ca\structures\furniture\decoration\wallboards\wall_board\wall_board.p3d
LODShape::Preload: shape 'ca\structures\furniture\eletrical_appliances\tv_a\tv_a.p3d' not found
Warning Message: Cannot open object ca\structures\furniture\eletrical_appliances\tv_a\tv_a.p3d
LODShape::Preload: shape 'ca\structures\furniture\eletrical_appliances\vending_machine\vending_machine.p3d' not found
Warning Message: Cannot open object ca\structures\furniture\eletrical_appliances\vending_machine\vending_machine.p3d
LODShape::Preload: shape 'ca\structures\furniture\tables\office_table_a\office_table_a.p3d' not found
Warning Message: Cannot open object ca\structures\furniture\tables\office_table_a\office_table_a.p3d
LODShape::Preload: shape 'ca\structures\misc\armory\pneu\pneu.p3d' not found
Warning Message: Cannot open object ca\structures\misc\armory\pneu\pneu.p3d
Base class requested not found
LODShape::Preload: shape 'ca\structures\rail\rail_misc\rail_zavora.p3d' not found
Warning Message: Cannot open object ca\structures\rail\rail_misc\rail_zavora.p3d
Warning Message: Cannot open object ca\buildings2\ind_workshop01\ind_workshop01_01.p3d
LODShape::Preload: shape 'ca\structures\furniture\chairs\office_chair\office_chair.p3d' not found
Warning Message: Cannot open object ca\structures\furniture\chairs\office_chair\office_chair.p3d
LODShape::Preload: shape 'ca\structures\furniture\chairs\vojenska_palanda\vojenska_palanda.p3d' not found
Warning Message: Cannot open object ca\structures\furniture\chairs\vojenska_palanda\vojenska_palanda.p3d
LODShape::Preload: shape 'ca\structures\furniture\eletrical_appliances\pc\pc.p3d' not found
Warning Message: Cannot open object ca\structures\furniture\eletrical_appliances\pc\pc.p3d
Strange convex component322 in a3\structures_f\research\dome_big_f.p3d:geometryFire
Strange convex component327 in a3\structures_f\research\dome_big_f.p3d:geometryFire
Warning Message: Cannot open object ca\buildings2\ind_workshop01\ind_workshop01_box.p3d
Warning Message: Cannot open object ca\buildings\army_hut_storrage.p3d
Attempt to override final function - bis_functions_list
Attempt to override final function - bis_functions_listpreinit
Attempt to override final function - bis_functions_listpostinit
Attempt to override final function - bis_functions_listrecompile
"default/BIS_fnc_log: [BIS_fnc_preload] ----- Initializing scripts in Exile -----"
"default/BIS_fnc_log: [recompile] recompile BIS_fnc_missionTasksLocal"
Attempt to override final function - bis_fnc_missiontaskslocal
"default/BIS_fnc_log: [recompile] recompile BIS_fnc_missionConversationsLocal"
Attempt to override final function - bis_fnc_missionconversationslocal
"default/BIS_fnc_log: [recompile] recompile BIS_fnc_missionFlow"
Attempt to override final function - bis_fnc_missionflow
"default/BIS_fnc_log: [preInit] BIS_fnc_diagKey (0 ms)"
"default/BIS_fnc_log: [preInit] BIS_fnc_feedbackMain (1.00136 ms)"
"default/BIS_fnc_log: [preInit] BIS_fnc_missionHandlers (0 ms)"
"default/BIS_fnc_log: [preInit] BIS_fnc_getServerVariable (0 ms)"
"default/BIS_fnc_log: [preInit] BIS_fnc_initPixelUI (0 ms)"
"default/BIS_fnc_log: [preInit] ExileClient_fnc_preInit (133.999 ms)"
"ExileServer - Server is loading..."
Client: Nonnetwork object 2ea7d600.
"ExileServer - Installed extDB2 version: 70"
"ExileServer - Connected to database!"
"ExileServer - Database protocol initialized!"
"default/BIS_fnc_log: [preInit] ExileServer_fnc_preInit (126.001 ms)"
Connected to Steam servers
"default/BIS_fnc_log: [script] initServer.sqf"
"default/BIS_fnc_log: [postInit] BIS_fnc_missionFlow (0 ms)"
"default/BIS_fnc_log: [postInit] BIS_fnc_initParams (0 ms)"
"default/BIS_fnc_log: [postInit] BIS_fnc_initRespawn (1.00136 ms)"
"default/BIS_fnc_log: [postInit] BIS_fnc_sharedObjectives (0 ms)"
"default/BIS_fnc_log: [postInit] BIS_fnc_3dMarkers (0 ms)"
"default/BIS_fnc_log: [postInit] BIS_fnc_reviveInit (0 ms)"
"default/BIS_fnc_log: [postInit] ExileClient_fnc_postInit (0 ms)"
"Sending information to exilemod.com (If config file exists!)..."
"Result: "
"ExileServer - Job with handle 10000 added."
"ExileServer - Job with handle 10001 added."
"ExileServer - Job with handle 10002 added."
"ExileServer - Job with handle 10003 added."
Weather was forced to change
"ExileServer - Job with handle 10004 added."
"ExileServer - Initializing game world..."
"ExileServer - Loading territories from database..."
"ExileServer - Done loading territories!"
"ExileServer - Loading constructions from database..."
"ExileServer - Done loading constructions!"
"ExileServer - Loading vehicles from database..."
"ExileServer - Done loading vehicles!"
"ExileServer - Loading containers from database..."
"ExileServer - Done loading containers!"
"ExileServer - Creating spawn zone vehicles..."
Warning Message: Cannot open object ca\buildings2\houseruins\r_housev2_01a.p3d
Warning Message: Cannot open object ca\buildings\sara_stodola2.p3d
Warning Message: Cannot open object ca\buildings\sara_stodola.p3d
Warning Message: Cannot open object ca\buildings2\shed_small\shed_m03.p3d
Warning Message: Cannot open object ca\buildings\sara_stodola3.p3d
Warning Message: Cannot open object ca\buildings\deutshe_mini.p3d
Warning Message: Cannot open object ca\buildings\sara_hasic_zbroj.p3d
Old style material 205 used in ReportStack not available
Old style material 205 used in ReportStack not available
Warning Message: Cannot open object ca\buildings\stodola_old_open.p3d
Warning Message: Cannot open object ca\buildings2\shed_small\shed_w02.p3d
Warning Message: Cannot open object ca\buildings2\shed_small\shed_w01.p3d
Warning Message: Cannot open object ca\buildings2\shed_small\shed_m01.p3d
Warning Message: Cannot open object ca\buildings2\shed_small\shed_w03.p3d
Warning Message: Cannot open object ca\buildings\sara_domek_hospoda.p3d
Warning Message: Cannot open object ca\buildings\sara_domek_sedy_bez.p3d
Warning Message: Cannot open object ca\buildings2\ind_garage01\ind_garage01.p3d
Old style material 204 used in ReportStack not available
Old style material 204 used in ReportStack not available
Old style material 204 used in ReportStack not available
Warning Message: Cannot open object ca\buildings\hut06.p3d
Strange convex component01 in cst\cst_residential\objects\kolodz.p3d:geometry
Strange convex component02 in cst\cst_residential\objects\kolodz.p3d:geometry
Strange convex component01 in cst\cst_residential\objects\kolodz.p3d:geometryView
Strange convex component02 in cst\cst_residential\objects\kolodz.p3d:geometryView
Old style material 20 used in ReportStack not available
Old style material 20 used in ReportStack not available
Old style material 1 used in ReportStack not available
Old style material 1 used in ReportStack not available
Strange convex component27 in sar_struktures\chouse6.p3d:geometry
Strange convex component29 in sar_struktures\chouse6.p3d:geometry
Strange convex component31 in sar_struktures\chouse6.p3d:geometry
Strange convex component33 in sar_struktures\chouse6.p3d:geometry
Strange convex component35 in sar_struktures\chouse6.p3d:geometry
Strange convex component37 in sar_struktures\chouse6.p3d:geometry
Strange convex component39 in sar_struktures\chouse6.p3d:geometry
Strange convex component41 in sar_struktures\chouse6.p3d:geometry
Strange convex component44 in sar_struktures\chouse6.p3d:geometry
Strange convex component45 in sar_struktures\chouse6.p3d:geometry
Strange convex component46 in sar_struktures\chouse6.p3d:geometry
Strange convex component49 in sar_struktures\chouse6.p3d:geometry
Strange convex component51 in sar_struktures\chouse6.p3d:geometry
Strange convex component53 in sar_struktures\chouse6.p3d:geometry
Strange convex component56 in sar_struktures\chouse6.p3d:geometry
Strange convex component57 in sar_struktures\chouse6.p3d:geometry
Strange convex component59 in sar_struktures\chouse6.p3d:geometry
Strange convex component61 in sar_struktures\chouse6.p3d:geometry
Strange convex component62 in sar_struktures\chouse6.p3d:geometry
Strange convex component63 in sar_struktures\chouse6.p3d:geometry
Strange convex component64 in sar_struktures\chouse6.p3d:geometry
Strange convex component65 in sar_struktures\chouse6.p3d:geometry
Strange convex component66 in sar_struktures\chouse6.p3d:geometry
Strange convex component67 in sar_struktures\chouse6.p3d:geometry
Strange convex component68 in sar_struktures\chouse6.p3d:geometry
Strange convex component69 in sar_struktures\chouse6.p3d:geometry
Strange convex component70 in sar_struktures\chouse6.p3d:geometry
Strange convex component71 in sar_struktures\chouse6.p3d:geometry
Strange convex component72 in sar_struktures\chouse6.p3d:geometry
Strange convex component73 in sar_struktures\chouse6.p3d:geometry
Strange convex component74 in sar_struktures\chouse6.p3d:geometry
Strange convex component75 in sar_struktures\chouse6.p3d:geometry
Strange convex component76 in sar_struktures\chouse6.p3d:geometry
Strange convex component77 in sar_struktures\chouse6.p3d:geometry
Strange convex component78 in sar_struktures\chouse6.p3d:geometry
Strange convex component79 in sar_struktures\chouse6.p3d:geometry
Strange convex component80 in sar_struktures\chouse6.p3d:geometry
Strange convex component81 in sar_struktures\chouse6.p3d:geometry
Strange convex component82 in sar_struktures\chouse6.p3d:geometry
Strange convex component83 in sar_struktures\chouse6.p3d:geometry
Strange convex component84 in sar_struktures\chouse6.p3d:geometry
Strange convex component85 in sar_struktures\chouse6.p3d:geometry
Strange convex component86 in sar_struktures\chouse6.p3d:geometry
Strange convex component87 in sar_struktures\chouse6.p3d:geometry
Strange convex component88 in sar_struktures\chouse6.p3d:geometry
Strange convex component89 in sar_struktures\chouse6.p3d:geometry
Strange convex component90 in sar_struktures\chouse6.p3d:geometry
Strange convex component91 in sar_struktures\chouse6.p3d:geometry
Strange convex component92 in sar_struktures\chouse6.p3d:geometry
Strange convex component93 in sar_struktures\chouse6.p3d:geometry
Strange convex component94 in sar_struktures\chouse6.p3d:geometry
Strange convex component95 in sar_struktures\chouse6.p3d:geometry
Strange convex component96 in sar_struktures\chouse6.p3d:geometry
Strange convex component97 in sar_struktures\chouse6.p3d:geometry
Strange convex component98 in sar_struktures\chouse6.p3d:geometry
Strange convex component99 in sar_struktures\chouse6.p3d:geometry
Strange convex component100 in sar_struktures\chouse6.p3d:geometry
Strange convex component101 in sar_struktures\chouse6.p3d:geometry
Strange convex component102 in sar_struktures\chouse6.p3d:geometry
Strange convex component103 in sar_struktures\chouse6.p3d:geometry
Strange convex component104 in sar_struktures\chouse6.p3d:geometry
Strange convex component105 in sar_struktures\chouse6.p3d:geometry
Strange convex component106 in sar_struktures\chouse6.p3d:geometry
Strange convex component107 in sar_struktures\chouse6.p3d:geometry
Strange convex component108 in sar_struktures\chouse6.p3d:geometry
Strange convex component109 in sar_struktures\chouse6.p3d:geometry
Old style material 20 used in ReportStack not available
Old style material 20 used in ReportStack not available
Old style material 20 used in ReportStack not available
Old style material 20 used in ReportStack not available
Old style material 1 used in ReportStack not available
Strange convex component01 in sar_struktures\bchouse1.p3d:geometry
Strange convex component03 in sar_struktures\bchouse1.p3d:geometry
Strange convex component04 in sar_struktures\bchouse1.p3d:geometry
Strange convex component05 in sar_struktures\bchouse1.p3d:geometry
Strange convex component06 in sar_struktures\bchouse1.p3d:geometry
Strange convex component07 in sar_struktures\bchouse1.p3d:geometry
Strange convex component08 in sar_struktures\bchouse1.p3d:geometry
Strange convex component09 in sar_struktures\bchouse1.p3d:geometry
Strange convex component10 in sar_struktures\bchouse1.p3d:geometry
Strange convex component15 in sar_struktures\bchouse1.p3d:geometry
c:\w\stable\futura\lib\network\networkserver.cpp NetworkServer::OnClientStateChanged:NOT IMPLEMENTED - briefing!
 Mission id: ff24cb42fdb21652e59469990aaf5607c0ef754d
Warning Message: Cannot open object ca\buildings\stodola_open.p3d
Warning Message: Cannot open object ca\buildings2\shed_wooden\shed_wooden.p3d
Warning Message: Cannot open object ca\buildings\watertower1.p3d
Warning Message: Cannot open object ca\buildings\ryb_domek.p3d
Warning Message: Cannot open object ca\buildings2\houseruins\r_housev2_02.p3d
Warning Message: Cannot open object ca\buildings\deutshe.p3d
Warning Message: Cannot open object ca\buildings2\farm_cowshed\farm_cowshed_c.p3d
Warning Message: Cannot open object ca\buildings2\farm_cowshed\farm_cowshed_b.p3d
Warning Message: Cannot open object ca\buildings2\farm_cowshed\farm_cowshed_a.p3d
Warning Message: Cannot open object ca\buildings\dum_mesto_in.p3d
Warning Message: Cannot open object ca\buildings2\ind_workshop01\ind_workshop01_l.p3d
Warning Message: Cannot open object ca\buildings2\ind_workshop01\ind_workshop01_02.p3d
Warning Message: Cannot open object ca\buildings\dum_mesto.p3d
Warning Message: Cannot open object ca\buildings2\ind_workshop01\ind_workshop01_03.p3d
Warning Message: Cannot open object ca\buildings\hlidac_budka.p3d
Warning Message: Cannot open object ca\buildings2\ind_cementworks\ind_expedice\ind_expedice_2.p3d
Warning Message: Cannot open object ca\buildings2\misc_powerstation\misc_powerstation.p3d
Strange convex component02 in cst\cst_residential\structures\house\chouse7.p3d:geometry
Strange convex component35 in cst\cst_residential\structures\house\chouse7.p3d:geometry
Strange convex component37 in cst\cst_residential\structures\house\chouse7.p3d:geometry
Strange convex component42 in cst\cst_residential\structures\house\chouse7.p3d:geometry
Strange convex component45 in cst\cst_residential\structures\house\chouse7.p3d:geometry
Strange convex component47 in cst\cst_residential\structures\house\chouse7.p3d:geometry
Strange convex component49 in cst\cst_residential\structures\house\chouse7.p3d:geometry
Strange convex component51 in cst\cst_residential\structures\house\chouse7.p3d:geometry
Strange convex component53 in cst\cst_residential\structures\house\chouse7.p3d:geometry
Strange convex component54 in cst\cst_residential\structures\house\chouse7.p3d:geometry
Strange convex component57 in cst\cst_residential\structures\house\chouse7.p3d:geometry
Strange convex component58 in cst\cst_residential\structures\house\chouse7.p3d:geometry
Strange convex component61 in cst\cst_residential\structures\house\chouse7.p3d:geometry
Strange convex component63 in cst\cst_residential\structures\house\chouse7.p3d:geometry
Strange convex component65 in cst\cst_residential\structures\house\chouse7.p3d:geometry
Strange convex component67 in cst\cst_residential\structures\house\chouse7.p3d:geometry
Strange convex component69 in cst\cst_residential\structures\house\chouse7.p3d:geometry
Strange convex component71 in cst\cst_residential\structures\house\chouse7.p3d:geometry
Strange convex component73 in cst\cst_residential\structures\house\chouse7.p3d:geometry
Strange convex component74 in cst\cst_residential\structures\house\chouse7.p3d:geometry
Strange convex component77 in cst\cst_residential\structures\house\chouse7.p3d:geometry
Strange convex component79 in cst\cst_residential\structures\house\chouse7.p3d:geometry
Strange convex component81 in cst\cst_residential\structures\house\chouse7.p3d:geometry
Strange convex component83 in cst\cst_residential\structures\house\chouse7.p3d:geometry
Strange convex component85 in cst\cst_residential\structures\house\chouse7.p3d:geometry
Strange convex component87 in cst\cst_residential\structures\house\chouse7.p3d:geometry
Strange convex component89 in cst\cst_residential\structures\house\chouse7.p3d:geometry
Strange convex component90 in cst\cst_residential\structures\house\chouse7.p3d:geometry
Strange convex component93 in cst\cst_residential\structures\house\chouse7.p3d:geometry
Strange convex component94 in cst\cst_residential\structures\house\chouse7.p3d:geometry
Strange convex component96 in cst\cst_residential\structures\house\chouse7.p3d:geometry
Strange convex component97 in cst\cst_residential\structures\house\chouse7.p3d:geometry
Strange convex component98 in cst\cst_residential\structures\house\chouse7.p3d:geometry
Strange convex component100 in cst\cst_residential\structures\house\chouse7.p3d:geometry
Strange convex component101 in cst\cst_residential\structures\house\chouse7.p3d:geometry
Strange convex component102 in cst\cst_residential\structures\house\chouse7.p3d:geometry
Strange convex component103 in cst\cst_residential\structures\house\chouse7.p3d:geometry
Strange convex component105 in cst\cst_residential\structures\house\chouse7.p3d:geometry
Strange convex component106 in cst\cst_residential\structures\house\chouse7.p3d:geometry
Strange convex component107 in cst\cst_residential\structures\house\chouse7.p3d:geometry
Strange convex component108 in cst\cst_residential\structures\house\chouse7.p3d:geometry
Strange convex component109 in cst\cst_residential\structures\house\chouse7.p3d:geometry
Strange convex component114 in cst\cst_residential\structures\house\chouse7.p3d:geometry
Strange convex component115 in cst\cst_residential\structures\house\chouse7.p3d:geometry
Strange convex component116 in cst\cst_residential\structures\house\chouse7.p3d:geometry
Strange convex component117 in cst\cst_residential\structures\house\chouse7.p3d:geometry
Strange convex component118 in cst\cst_residential\structures\house\chouse7.p3d:geometry
Strange convex component119 in cst\cst_residential\structures\house\chouse7.p3d:geometry
Strange convex component120 in cst\cst_residential\structures\house\chouse7.p3d:geometry
Strange convex component121 in cst\cst_residential\structures\house\chouse7.p3d:geometry
Strange convex component122 in cst\cst_residential\structures\house\chouse7.p3d:geometry
Strange convex component123 in cst\cst_residential\structures\house\chouse7.p3d:geometry
Strange convex component124 in cst\cst_residential\structures\house\chouse7.p3d:geometry
Strange convex component125 in cst\cst_residential\structures\house\chouse7.p3d:geometry
Warning Message: Cannot open object ca\buildings2\ind_shed_01\ind_shed_01_end.p3d
Warning Message: You cannot play/edit this mission; it is dependent on downloadable content that has been deleted.
sar_ru_architecture
Cannot create non-ai vehicle Land_arrows_desk_L,
Warning Message: You cannot play/edit this mission; it is dependent on downloadable content that has been deleted.
sar_obelisk
Warning Message: Cannot open object ca\buildings2\ind_workshop01\ind_workshop01_04.p3d
Warning Message: Cannot open object ca\buildings\dum_mesto2.p3d
Warning Message: Cannot open object ca\structures\ruins\ruin_wall.p3d
Warning Message: Cannot open object ca\buildings\garaz.p3d
Cannot create non-ai vehicle Misc_Cargo1B_military,
Cannot create non-ai vehicle Land_Misc_Cargo1E_EP1,
Cannot create non-ai vehicle Misc_Cargo1B_military,
Cannot create non-ai vehicle Misc_Cargo1B_military,
Cannot create non-ai vehicle Land_Misc_Cargo1E_EP1,
Warning Message: You cannot play/edit this mission; it is dependent on downloadable content that has been deleted.
cst_industrial_objects_container
Cannot create non-ai vehicle Land_Misc_Cargo1E_EP1,
Warning Message: You cannot play/edit this mission; it is dependent on downloadable content that has been deleted.
cst_industrial_objects_container
Cannot create non-ai vehicle Land_Misc_Cargo1E_EP1,
Warning Message: You cannot play/edit this mission; it is dependent on downloadable content that has been deleted.
cst_industrial_objects_container
Warning Message: You cannot play/edit this mission; it is dependent on downloadable content that has been deleted.
sar_ru_architecture
Warning Message: Cannot open object ca\buildings2\farm_cowshed\farm_cowshed_c_dam.p3d
Warning Message: You cannot play/edit this mission; it is dependent on downloadable content that has been deleted.
sar_obelisk
"ExileServer - Spawning Dynamic Vehicles. GridSize: 2200 Vehs/Grid : 2"
Cannot load surface info ca\data\Penetration\mattress.bisurf
Exile_Car_UAZ_Open_Green: wiper_1_loop - unknown animation source wipers
Exile_Car_UAZ_Open_Green: wipers - unknown animation source wiper
Render target memory points PIP1_pos & PIP1_dir not found.
Render target memory points PIP2_pos & PIP2_dir not found.
Render target memory points PIP0_pos & PIP0_dir not found.
Render target memory points PIP1_pos & PIP1_dir not found.
Render target memory points PIP2_pos & PIP2_dir not found.
TowingTractor: Invalid parent bone 'wheel_1_2' for 'wheel_1_2_hide'
TowingTractor: Invalid parent bone 'wheel_2_2' for 'wheel_2_2_hide'
Exile_Car_UAZ_Green: wiper_1_loop - unknown animation source wipers
Exile_Car_UAZ_Green: wipers - unknown animation source wiper
LODShape::Preload: shape 'ca\buildings\castle\helfenburk_brana.p3d' not found
Warning Message: Cannot open object ca\buildings\castle\helfenburk_brana.p3d
Warn: Shape '???' contains water texture however it does not carry a special class name. Consider craeting one to speed up the detection!
Exile_Car_Octavius_White: IndicatorOil - unknown animation source oilTemp
Exile_Car_Octavius_White: fuel - unknown animation source fuel_1
Exile_Car_Octavius_White: gearbox - unknown animation source gearbox
Exile_Car_Octavius_White: Trunk2 - unknown animation source trunk
Warning Message: Cannot open object ca\buildings\dum_rasovna.p3d
Warning Message: Cannot open object ca\buildings2\houseblocks\houseblock_a\houseblock_a1_2.p3d
"ExileServer - Dynamic vehicles spawned. Count : 72"
"ExileServer - Game world initialized! Let the fun begin!"
"ExileServer - Job with handle 10005 added."
"ExileServer - Server is up and running! Version: 0.9.6"
"default/BIS_fnc_log: [postInit] ExileServer_fnc_postInit (2924 ms)"
"ExileServer - Main thread started"
Warning Message: Cannot open object ca\buildings\budova2.p3d
"default/BIS_fnc_log: [BIS_fnc_preload] ----- Scripts initialized at 3465 ms -----"
MovesType CfgGesturesMale load time 31 ms
Error: Bone cheek_lf doesn't exist in skeleton OFP2_ManSkeleton
Error: Bone nose_tip doesn't exist in skeleton OFP2_ManSkeleton
Error: Bone lip_uplb doesn't exist in skeleton OFP2_ManSkeleton
Error: Bone jaw_ls doesn't exist in skeleton OFP2_ManSkeleton
Error: Bone lip_uplf doesn't exist in skeleton OFP2_ManSkeleton
Error: Bone lip_lc doesn't exist in skeleton OFP2_ManSkeleton
Error: Bone lip_lwlb doesn't exist in skeleton OFP2_ManSkeleton
Error: Bone lip_lwlf doesn't exist in skeleton OFP2_ManSkeleton
Error: Bone jaw_lm doesn't exist in skeleton OFP2_ManSkeleton
Error: Bone zig_lb doesn't exist in skeleton OFP2_ManSkeleton
Error: Bone lip_lwm doesn't exist in skeleton OFP2_ManSkeleton
Error: Bone lip_upm doesn't exist in skeleton OFP2_ManSkeleton
Error: Bone ear_l doesn't exist in skeleton OFP2_ManSkeleton
Error: Bone corr doesn't exist in skeleton OFP2_ManSkeleton
Error: Bone tongue_m doesn't exist in skeleton OFP2_ManSkeleton
Error: Bone tongue_f doesn't exist in skeleton OFP2_ManSkeleton
Error: Bone eyebrow_lb doesn't exist in skeleton OFP2_ManSkeleton
Error: Bone eyebrow_lf doesn't exist in skeleton OFP2_ManSkeleton
Error: Bone eyebrow_lm doesn't exist in skeleton OFP2_ManSkeleton
Error: Bone zig_lm doesn't exist in skeleton OFP2_ManSkeleton
Error: Bone eye_upl doesn't exist in skeleton OFP2_ManSkeleton
Error: Bone eye_lwl doesn't exist in skeleton OFP2_ManSkeleton
Error: Bone cheek_l doesn't exist in skeleton OFP2_ManSkeleton
Error: Bone cheek_lb doesn't exist in skeleton OFP2_ManSkeleton
Error: Bone zig_lt doesn't exist in skeleton OFP2_ManSkeleton
Error: Bone nose_l doesn't exist in skeleton OFP2_ManSkeleton
Error: Bone cheek_lm doesn't exist in skeleton OFP2_ManSkeleton
Error: Bone nose_r doesn't exist in skeleton OFP2_ManSkeleton
Error: Bone forehead_r doesn't exist in skeleton OFP2_ManSkeleton
Error: Bone forehead_m doesn't exist in skeleton OFP2_ManSkeleton
Error: Bone forehead_l doesn't exist in skeleton OFP2_ManSkeleton
Error: Bone cheek_rb doesn't exist in skeleton OFP2_ManSkeleton
Error: Bone eye_lwr doesn't exist in skeleton OFP2_ManSkeleton
Error: Bone cheek_r doesn't exist in skeleton OFP2_ManSkeleton
Error: Bone zig_rt doesn't exist in skeleton OFP2_ManSkeleton
Error: Bone zig_rm doesn't exist in skeleton OFP2_ManSkeleton
Error: Bone cheek_rf doesn't exist in skeleton OFP2_ManSkeleton
Error: Bone cheek_rm doesn't exist in skeleton OFP2_ManSkeleton
Error: Bone eyebrow_rm doesn't exist in skeleton OFP2_ManSkeleton
Error: Bone eyebrow_rf doesn't exist in skeleton OFP2_ManSkeleton
Error: Bone eye_upr doesn't exist in skeleton OFP2_ManSkeleton
Error: Bone eyebrow_rb doesn't exist in skeleton OFP2_ManSkeleton
Error: Bone tongue_b doesn't exist in skeleton OFP2_ManSkeleton
Error: Bone ear_r doesn't exist in skeleton OFP2_ManSkeleton
Error: Bone neck_l doesn't exist in skeleton OFP2_ManSkeleton
Error: Bone lip_uprf doesn't exist in skeleton OFP2_ManSkeleton
Error: Bone neck_r doesn't exist in skeleton OFP2_ManSkeleton
Error: Bone lip_uprb doesn't exist in skeleton OFP2_ManSkeleton
Error: Bone lip_rc doesn't exist in skeleton OFP2_ManSkeleton
Error: Bone lip_lwrb doesn't exist in skeleton OFP2_ManSkeleton
Error: Bone lip_lwrf doesn't exist in skeleton OFP2_ManSkeleton
Error: Bone neck_b doesn't exist in skeleton OFP2_ManSkeleton
Error: Bone zig_rb doesn't exist in skeleton OFP2_ManSkeleton
Error: Bone neck_t doesn't exist in skeleton OFP2_ManSkeleton
Error: Bone jaw_rf doesn't exist in skeleton OFP2_ManSkeleton
Error: Bone jaw_lf doesn't exist in skeleton OFP2_ManSkeleton
Error: Bone chin doesn't exist in skeleton OFP2_ManSkeleton
Error: Bone jaw_rm doesn't exist in skeleton OFP2_ManSkeleton
Error: Bone jaw_rs doesn't exist in skeleton OFP2_ManSkeleton
Error: Bone jaw doesn't exist in skeleton OFP2_ManSkeleton
Error: Bone headcutscene doesn't exist in skeleton OFP2_ManSkeleton
Animation exile_psycho_tractor\anim\exile_psycho_tractor.rtm not found or empty
Animation a3\cargoposes_f_heli\anim\passenger_inside_5aim_obstructed.rtm not found or empty
Animation a3\cargoposes_f_heli\anim\passenger_inside_5aim_fromobstructed.rtm not found or empty
Animation a3\cargoposes_f_heli\anim\passenger_inside_5aim_toobstructed.rtm not found or empty
Animation a3\cargoposes_f_heli\anim\passenger_inside_5aimpistol_obstructed.rtm not found or empty
Animation a3\cargoposes_f_heli\anim\passenger_inside_5aimpistol_fromobstructed.rtm not found or empty
Animation a3\cargoposes_f_heli\anim\passenger_inside_5aimpistol_toobstructed.rtm not found or empty
MovesType CfgMovesMaleSdr load time 4597 ms
"ExileServer - Player Viking (UID 76561197972698790) connected!"
"ExileServer - Starting session for 'Viking' with ID 'pLvGKUQj'..."
"ExileServer - Spawning ExileServer_system_event_supplyBox_start..."
Client: Remote object 4:0 not found
Warning: Cleanup player - person 2:247 not found
Warning: Cleanup player - person 2:247 not found
"ExileServer - Player Viking (UID 76561197972698790) connected!"
"ExileServer - Starting session for 'Viking' with ID 'Qdkgxmug'..."
Deinitialized shape [Class: "Underwear_F"; Shape: "a3\characters_f\common\basicbody.p3d";]
Deinitialized shape [Class: "C_man_hunter_1_F"; Shape: "a3\characters_f\civil\c_hunter_f.p3d";]
Deinitialized shape [Class: "Exile_Unit_GhostPlayer"; Shape: "a3\characters_f\common\invisibleman.p3d";]
Deinitialized shape [Class: "Exile_Unit_Player"; Shape: "a3\characters_f\common\coveralls.p3d";]
c:\w\stable\futura\lib\network\networkserver.cpp ClearNetServer:NOT IMPLEMENTED - briefing!
Extensions:
  extDB2 (C:\Servers\Arma 3 Exile Server\@ExileServer\extDB2.dll) [70.0.0.0] [70.0.0.0]

