=====================================================================
== C:\Servers\Arma 3 Exile Server\arma3server.exe
== "C:\Servers\Arma 3 Exile Server\arma3server.exe"  -port=2302 "-config=C:\Servers\Arma 3 Exile Server\TADST\Namalsk\TADST_config.cfg" "-cfg=C:\Servers\Arma 3 Exile Server\TADST\Namalsk\TADST_basic.cfg" "-profiles=C:\Servers\Arma 3 Exile Server\TADST\Namalsk" -name=Namalsk -filePatching "-mod=@Exile;@ExileServer;heli;kart;mark;@namalsk;@Zombies and Demons" -autoInit

Original output filename: Arma3Retail_Server
Exe timestamp: 2016/04/27 16:35:18
Current time:  2016/04/29 11:02:13

Type: Public
Build: Stable
Version: 1.58.135742

Allocator: C:\Servers\Arma 3 Exile Server\dll\tbb4malloc_bi.dll
=====================================================================

11:02:13 Cannot register unknown string STR_USRACT_COMMANDING_MENU_SELECT_1
11:02:13 Cannot register unknown string STR_USRACT_COMMANDING_MENU_SELECT_2
11:02:13 Cannot register unknown string STR_USRACT_COMMANDING_MENU_SELECT_3
11:02:13 Cannot register unknown string STR_USRACT_COMMANDING_MENU_SELECT_4
11:02:13 Cannot register unknown string STR_USRACT_COMMANDING_MENU_SELECT_5
11:02:13 Cannot register unknown string STR_USRACT_COMMANDING_MENU_SELECT_6
11:02:13 Cannot register unknown string STR_USRACT_COMMANDING_MENU_SELECT_7
11:02:13 Cannot register unknown string STR_USRACT_COMMANDING_MENU_SELECT_8
11:02:13 Cannot register unknown string STR_USRACT_COMMANDING_MENU_SELECT_9
11:02:13 Cannot register unknown string STR_USRACT_COMMANDING_MENU_SELECT_0
11:02:13 Cannot register unknown string STR_USRACT_TASK_OVERVIEW
11:02:13 Cannot register unknown string STR_USRACT_TASK_OVERVIEW_TOGGLE
11:02:13 Cannot register unknown string STR_CONTROLS_TOOLTIPS_COMMANDING_MENU_SELECT_1
11:02:13 Cannot register unknown string STR_CONTROLS_TOOLTIPS_COMMANDING_MENU_SELECT_2
11:02:13 Cannot register unknown string STR_CONTROLS_TOOLTIPS_COMMANDING_MENU_SELECT_3
11:02:13 Cannot register unknown string STR_CONTROLS_TOOLTIPS_COMMANDING_MENU_SELECT_4
11:02:13 Cannot register unknown string STR_CONTROLS_TOOLTIPS_COMMANDING_MENU_SELECT_5
11:02:13 Cannot register unknown string STR_CONTROLS_TOOLTIPS_COMMANDING_MENU_SELECT_6
11:02:13 Cannot register unknown string STR_CONTROLS_TOOLTIPS_COMMANDING_MENU_SELECT_7
11:02:13 Cannot register unknown string STR_CONTROLS_TOOLTIPS_COMMANDING_MENU_SELECT_8
11:02:13 Cannot register unknown string STR_CONTROLS_TOOLTIPS_COMMANDING_MENU_SELECT_9
11:02:13 Cannot register unknown string STR_CONTROLS_TOOLTIPS_COMMANDING_MENU_SELECT_0
11:02:13 Cannot register unknown string STR_CONTROLS_TOOLTIPS_DIARY
11:02:13 Cannot register unknown string STR_CONTROLS_TOOLTIPS_TASK_OVERVIEW
11:02:13 Cannot register unknown string STR_CONTROLS_TOOLTIPS_TASK_OVERVIEW_TOGGLE
11:02:13 Cannot register unknown string STR_DIFF_LIMITED_DISTANCE
11:02:13 Cannot register unknown string STR_DIFF_FADE_OUT
11:02:13 Initializing stats manager.
11:02:13 Stats config disabled.
11:02:13 sessionID: b1c0ac7df15f5e2b2ee80753103ac3d705f9d747
11:02:18 Item strwfmissionendtime listed twice
11:02:18 Item str_dn_bike listed twice
11:02:18 Item str_dn_bikes listed twice
11:02:18 Item str_dn_tractor listed twice
11:02:18 Item str_dn_tractors listed twice
11:02:18 Item str_dn_truck listed twice
11:02:18 Item str_dn_trucks listed twice
11:02:18 Item str_dss_binocular listed twice
11:02:18 Item str_dss_laserdesignator listed twice
11:02:18 Item str_dss_nv_goggles listed twice
11:02:18 Item str_action_putbomb listed twice
11:02:18 Item str_mn_smoke listed twice
11:02:18 Item str_dn_ammocrate listed twice
11:02:18 Item str_dn_ammocrates listed twice
11:02:18 Item str_dn_binocular listed twice
11:02:18 Item str_lib_nv_goggles listed twice
11:02:18 Item str_dn_gbu12 listed twice
11:02:18 Item str_lib_binocular listed twice
11:02:18 Item str_dn_lasertarget listed twice
11:02:18 Item str_dn_lasertargets listed twice
11:02:18 Item str_dn_throw listed twice
11:02:18 Item str_dn_staticsearchlight listed twice
11:02:18 Item str_dn_staticmortar listed twice
11:02:18 Item str_dn_staticmgweapon listed twice
11:02:18 Item str_dn_staticgrenadelauncher listed twice
11:02:18 Item str_dn_staticcannon listed twice
11:02:18 Item str_dn_staticatweapon listed twice
11:02:18 Item str_dn_staticaaweapon listed twice
11:02:18 Item str_dn_searchlight listed twice
11:02:18 Item str_dn_rifle listed twice
11:02:18 Item str_dn_put listed twice
11:02:18 Item str_dn_pipe_bomb listed twice
11:02:18 Item str_dn_nv_goggles listed twice
11:02:18 Item str_dn_mode_semiauto listed twice
11:02:18 Item str_dn_mode_fullauto listed twice
11:02:18 Item str_dn_mode_burst listed twice
11:02:18 Item str_dn_mine listed twice
11:02:18 Item str_dn_mk82launcher listed twice
11:02:18 Item str_dn_searchlights listed twice
11:02:18 Item str_dn_staticaaweapons listed twice
11:02:18 Item str_dn_staticatweapons listed twice
11:02:18 Item str_dn_staticcannons listed twice
11:02:18 Item str_dn_staticgrenadelaunchers listed twice
11:02:18 Item str_dn_staticmgweapons listed twice
11:02:18 Item str_dn_staticmortars listed twice
11:02:18 Item str_dn_staticweapon listed twice
11:02:18 Item str_dn_staticweapons listed twice
11:02:18 Item str_dn_stone listed twice
11:02:18 Item str_lib_timebomb listed twice
11:02:18 Item str_dn_ships listed twice
11:02:18 Item str_team_switch_view_unit listed twice
11:02:18 Item str_team_switch_player listed twice
11:02:18 Item str_team_switch_ai_stop listed twice
11:02:18 Item str_team_switch_ai_move listed twice
11:02:18 Item str_team_switch_ai_hold_fire listed twice
11:02:18 Item str_team_switch_ai_fire listed twice
11:02:18 Item str_team_switch_ai_behaviour listed twice
11:02:18 Item str_team_switch_ai listed twice
11:02:18 Item str_ca_cancel listed twice
11:02:18 Item str_ca_copy listed twice
11:02:18 Item str_gear_money listed twice
11:02:18 Item str_ca_delete listed twice
11:02:18 Item str_gear_filter listed twice
11:02:18 Item str_ca_difficulty listed twice
11:02:18 Item str_diary_player_name listed twice
11:02:18 Item str_ca_edit listed twice
11:02:18 Item str_diary_mission_name listed twice
11:02:18 Item str_cfg_markers_warning listed twice
11:02:18 Item str_cfg_markers_unknown listed twice
11:02:18 Item str_ca_hide listed twice
11:02:18 Item str_cfg_markers_start listed twice
11:02:18 Item str_cfg_markers_pickup listed twice
11:02:18 Item str_cfg_markers_join listed twice
11:02:18 Item str_ca_loadauto listed twice
11:02:18 Item str_cfg_markers_end listed twice
11:02:18 Item str_cfg_markers_empty listed twice
11:02:18 Item str_cfg_markers_dot listed twice
11:02:18 Item str_cfg_markers_destroy listed twice
11:02:18 Item str_cfg_markers_arrow listed twice
11:02:18 Item str_cfg_markercol_yellow listed twice
11:02:18 Item str_cfg_markercol_white listed twice
11:02:18 Item str_cfg_markercol_red listed twice
11:02:18 Item str_cfg_markercol_green listed twice
11:02:18 Item str_cfg_markercol_blue listed twice
11:02:18 Item str_cfg_markercol_black listed twice
11:02:18 Item str_cfg_markerbr_vertical listed twice
11:02:18 Item str_cfg_markerbr_horizontal listed twice
11:02:18 Item str_cfg_markerbr_grid listed twice
11:02:18 Item str_cfg_markerbr_fdiagonal listed twice
11:02:18 Item str_cfg_markerbr_diaggrid listed twice
11:02:18 Item str_cfg_markerbr_cross listed twice
11:02:18 Item str_cfg_markerbr_bdiagonal listed twice
11:02:18 Item str_ca_multi_join listed twice
11:02:18 Item str_ca_multi_new listed twice
11:02:18 Item str_ca_show listed twice
11:02:18 Item str_ca_select_island listed twice
11:02:18 Item str_ca_multi_remote listed twice
11:02:18 Item str_ca_profile_controls listed twice
11:02:18 Item str_ca_new listed twice
11:02:18 Item str_ca_newuser_title2 listed twice
11:02:18 Item str_cfg_markercol_orange listed twice
11:02:18 Item str_cfg_markers_ambush listed twice
11:02:18 Item str_cfg_markers_arrow2 listed twice
11:02:18 Item str_cfg_markers_box listed twice
11:02:18 Item str_tooltip_main_options listed twice
11:02:18 Item str_tooltip_singleplayer_training listed twice
11:02:18 Item str_tooltip_main_player listed twice
11:02:18 Item str_cfg_markers_circle listed twice
11:02:18 Item str_cfg_markers_select listed twice
11:02:18 Item str_cfg_markers_triangle listed twice
11:02:18 Item str_tooltip_main_exit listed twice
11:02:18 Item str_tooltip_options_audio listed twice
11:02:18 Item str_tooltip_options_configure listed twice
11:02:18 Item str_tooltip_options_gameoptions listed twice
11:02:18 Item str_tooltip_options_video listed twice
11:02:18 Item str_dn_trackedapc listed twice
11:02:18 Item str_dn_trackedapcs listed twice
11:02:18 Item str_cfg_sfx_ca_expl1 listed twice
11:02:18 Item str_cfg_sfx_destrhouse listed twice
11:02:18 Item str_cfg_sfx_fire listed twice
11:02:18 Item str_dn_alarm listed twice
11:02:18 Item str_dn_frog listed twice
11:02:18 Item str_dn_rain listed twice
11:02:18 Item str_dn_sea listed twice
11:02:18 Item str_dn_sound_alarm2 listed twice
11:02:18 Item str_dn_sound_fire listed twice
11:02:18 Item str_dn_stream listed twice
11:02:18 Item str_dn_wind listed twice
11:02:18 Item str_misc_campfire listed twice
11:02:18 Item str_dn_fence_wire listed twice
11:02:18 Item str_dn_flags listed twice
11:02:18 Item str_dn_fortification listed twice
11:02:18 Item str_dn_fortifications listed twice
11:02:18 Item str_dn_gate listed twice
11:02:18 Item str_dn_gates listed twice
11:02:18 Item str_dn_target listed twice
11:02:18 Item str_dn_unknowns listed twice
11:02:18 Item str_misc_campfireBurn listed twice
11:02:18 Item str_controls_3d listed twice
11:02:18 Item str_controls_keys_editor listed twice
11:02:18 Item str_controls_keys_real_time listed twice
11:02:18 Item str_controls_map listed twice
11:02:18 Item str_controls_mouse_link_object listed twice
11:02:18 Item str_controls_mouse_no_object listed twice
11:02:18 Item str_controls_mouse_selected_3d listed twice
11:02:18 Item str_controls_mouse_selected_map listed twice
11:02:18 Item str_controls_mouse_selected_object_3d listed twice
11:02:18 Item str_controls_mouse_selected_object_map listed twice
11:02:18 Item str_editor_prompt_save listed twice
11:02:18 Item str_controls_mouse_unselected_object_3d listed twice
11:02:18 Item str_editor_prompt_overlay_saved listed twice
11:02:18 Item str_controls_mouse_unselected_object_map listed twice
11:02:18 Item str_editor_prompt_overlay_save_commit listed twice
11:02:18 Item str_controls_overlay listed twice
11:02:18 Item str_editor_prompt_overlay_save_close listed twice
11:02:18 Item str_editor_prompt_overlay_save_clear listed twice
11:02:18 Item str_editor_prompt_overlay_committed listed twice
11:02:18 Item str_editor_prompt_overlay_cleared listed twice
11:02:18 Item str_editor_mode_3d listed twice
11:02:18 Item str_editor_mode_2d listed twice
11:02:18 Item str_editor_menu_view_3d listed twice
11:02:18 Item str_editor_menu_view_2d listed twice
11:02:18 Item str_editor_menu_file_save listed twice
11:02:18 Item str_editor_menu_file_restart listed twice
11:02:18 Item str_editor_menu_file_preview listed twice
11:02:18 Item str_editor_menu_file_load listed twice
11:02:18 Item str_editor_menu_file_exit listed twice
11:02:18 Item str_editor_menu_file_clear listed twice
11:02:18 Item str_editor_menu_ctx_switch_veh listed twice
11:02:18 Item str_editor_menu_ctx_set_cam_pos listed twice
11:02:18 Item str_editor_menu_ctx_new_obj listed twice
11:02:18 Item str_editor_menu_ctx_lock_cam listed twice
11:02:18 Item str_editor_menu_ctx_edit_obj listed twice
11:02:18 Item str_editor_menu_ctx_edit_link listed twice
11:02:18 Item str_editor_menu_ctx_del_obj listed twice
11:02:18 Item str_editor_menu_ctx_center_map listed twice
11:02:18 Item str_editor_error_tree_sel listed twice
11:02:18 Item str_editor_error_tree_item listed twice
11:02:18 Item str_editor_error_rtn_val_str listed twice
11:02:18 Item str_editor_error_rtn_val_nil listed twice
11:02:18 Item str_editor_error_rtn_val_false listed twice
11:02:18 Item str_editor_error_overlay_exists listed twice
11:02:18 Item str_editor_error_no_playable_save listed twice
11:02:18 Item str_editor_error_no_playable_preview listed twice
11:02:18 Item str_editor_error_no_overlay listed twice
11:02:18 Item str_editor_error_invalid_overlay_name listed twice
11:02:18 Item str_editor_error_has_links listed twice
11:02:18 Item str_editor_error_child_objs listed twice
11:02:18 Item str_cfg_faces_custom listed twice
11:02:18 Item str_cfg_faces_default listed twice
11:02:18 Item str_dn_menarmy listed twice
11:02:18 Item str_dn_menciv listed twice
11:02:18 Item str_dn_menracs listed twice
11:02:18 Item str_dn_mensla listed twice
11:02:18 Item str_dn_rifleman listed twice
11:02:18 Item str_fn_animalhead_default listed twice
11:02:18 Item str_dn_wall listed twice
11:02:18 Item str_dn_tent listed twice
11:02:18 Item str_dn_churches listed twice
11:02:18 Item str_dn_fence listed twice
11:02:18 Item str_dn_fences listed twice
11:02:18 Item str_dn_out_o_door listed twice
11:02:18 Item str_dn_houses listed twice
11:02:18 Item str_dn_out_c_door listed twice
11:02:18 Item str_dn_ruin listed twice
11:02:18 Item str_dn_ruins listed twice
11:02:18 Item str_dn_walls listed twice
11:02:18 Item str_dn_aircraft listed twice
11:02:18 Item str_dn_aircrafts listed twice
11:02:18 Item str_dn_airplane listed twice
11:02:18 Item str_dn_airplanes listed twice
11:02:18 Item str_dn_attackairplane listed twice
11:02:18 Item str_dn_attackairplanes listed twice
11:02:18 Item str_dn_cargoairplane listed twice
11:02:18 Item str_dn_cargoairplanes listed twice
11:02:18 Item str_dn_gunship listed twice
11:02:18 Item str_dn_gunships listed twice
11:02:18 Item str_dn_helicopters listed twice
11:02:18 Item str_dn_parachutes listed twice
11:02:18 Item str_dn_transporthelicopter listed twice
11:02:18 Item str_dn_transporthelicopters listed twice
11:02:18 Item str_dn_uav listed twice
11:02:18 Item str_dn_uavs listed twice
11:02:18 Item str_dn_woman listed twice
11:02:18 Item str_dn_armory listed twice
11:02:18 Item str_dn_buildings listed twice
11:02:18 Item str_dn_bunkers listed twice
11:02:18 Item str_dn_buoysmall listed twice
11:02:18 Item str_dn_bus listed twice
11:02:18 Item str_dn_buses listed twice
11:02:18 Item str_dn_cubehelper listed twice
11:02:18 Item str_dn_dead_bodies listed twice
11:02:18 Item str_dn_furniture listed twice
11:02:18 Item str_dn_humpsdirt_large listed twice
11:02:18 Item str_dn_locations listed twice
11:02:18 Item str_dn_military listed twice
11:02:18 Item str_dn_misc listed twice
11:02:18 Item str_dn_modules listed twice
11:02:18 Item str_dn_object listed twice
11:02:18 Item str_dn_objects_fortifications listed twice
11:02:18 Item str_dn_obstacle_cylinder listed twice
11:02:18 Item str_dn_obstacle_jump listed twice
11:02:18 Item str_dn_obstacle_saddle listed twice
11:02:18 Item str_dn_platform listed twice
11:02:18 Item str_dn_rampconcrete listed twice
11:02:18 Item str_dn_roadbarrier_light listed twice
11:02:18 Item str_dn_roadbarrier_long listed twice
11:02:18 Item str_dn_signs listed twice
11:02:18 Item str_dn_small_items listed twice
11:02:18 Item str_dn_structure listed twice
11:02:18 Item str_dn_structures listed twice
11:02:18 Item str_dn_tanks listed twice
11:02:18 Item str_dn_targets listed twice
11:02:18 Item str_dn_tents listed twice
11:02:18 Item str_dn_testclass listed twice
11:02:18 Item str_dn_training listed twice
11:02:18 Item str_dn_vehicles listed twice
11:02:18 Item str_dn_wheeledapc listed twice
11:02:18 Item str_dn_wheeledapcs listed twice
11:02:18 Item str_dn_women listed twice
11:02:18 Item str_dn_wreck listed twice
11:02:18 Item str_dn_wrecks listed twice
11:02:18 Unsupported language English in stringtable
11:02:18 Unsupported language English in stringtable
11:02:18 Item Showcase_FiringFromVehicles_Mission_Name1 listed twice
11:02:18 Item Showcase_FiringFromVehicles_Mission_Name2 listed twice
11:02:18 Item Showcase_FiringFromVehicles_Overview listed twice
11:02:18 Item Showcase_FiringFromVehicles_Titlecard1 listed twice
11:02:18 Item Showcase_FiringFromVehicles_Titlecard2 listed twice
11:02:18 Item Showcase_FiringFromVehicles_SITREP_text listed twice
11:02:18 Item Showcase_FiringFromVehicles_Notification_BIS_Showcase_FFV_UAV_enabled_title listed twice
11:02:18 Item Showcase_FiringFromVehicles_Notification_BIS_Showcase_FFV_UAV_enabled_desc listed twice
11:02:18 Item Showcase_FiringFromVehicles_Notification_BIS_Showcase_FFV_UAV_taken_title listed twice
11:02:18 Item Showcase_FiringFromVehicles_Notification_BIS_Showcase_FFV_UAV_taken_desc listed twice
11:02:18 Item Showcase_FiringFromVehicles_Briefing_Situation_text1 listed twice
11:02:18 Item Showcase_FiringFromVehicles_Briefing_Situation_text2 listed twice
11:02:18 Item Showcase_FiringFromVehicles_Briefing_Mission_text listed twice
11:02:18 Item Showcase_FiringFromVehicles_Briefing_Execution_text listed twice
11:02:18 Item Showcase_FiringFromVehicles_Briefing_Signal_text1 listed twice
11:02:18 Item Showcase_FiringFromVehicles_Briefing_Signal_text2 listed twice
11:02:18 Item Showcase_FiringFromVehicles_BIS_locate_title listed twice
11:02:18 Item Showcase_FiringFromVehicles_BIS_locate_desc listed twice
11:02:18 Item Showcase_FiringFromVehicles_BIS_ROE_title listed twice
11:02:18 Item Showcase_FiringFromVehicles_BIS_ROE_desc listed twice
11:02:18 Item Showcase_FiringFromVehicles_BIS_destroy_title listed twice
11:02:18 Item Showcase_FiringFromVehicles_BIS_destroy_desc listed twice
11:02:18 Item Showcase_FiringFromVehicles_BIS_loc1_title listed twice
11:02:18 Item Showcase_FiringFromVehicles_BIS_loc1_desc listed twice
11:02:18 Item Showcase_FiringFromVehicles_BIS_loc1_marker listed twice
11:02:18 Item Showcase_FiringFromVehicles_BIS_loc2_title listed twice
11:02:18 Item Showcase_FiringFromVehicles_BIS_loc2_desc listed twice
11:02:18 Item Showcase_FiringFromVehicles_BIS_loc2_marker listed twice
11:02:18 Item Showcase_FiringFromVehicles_BIS_extract_title listed twice
11:02:18 Item Showcase_FiringFromVehicles_BIS_extract_desc listed twice
11:02:18 Item Showcase_FiringFromVehicles_BIS_extract_marker listed twice
11:02:18 Item Showcase_FiringFromVehicles_Debriefing_Win01_description listed twice
11:02:18 Item Showcase_FiringFromVehicles_Debriefing_Win02_description listed twice
11:02:18 Item Showcase_FiringFromVehicles_Debriefing_Win03_description listed twice
11:02:18 Item Showcase_FiringFromVehicles_Debriefing_Fail01_subtitle listed twice
11:02:18 Item Showcase_FiringFromVehicles_Debriefing_Fail02_subtitle listed twice
11:02:18 Unsupported language English in stringtable
11:02:18 Unsupported language English in stringtable
11:02:18 Unsupported language English in stringtable
11:02:18 Unsupported language English in stringtable
11:02:18 Unsupported language English in stringtable
11:02:18 Unsupported language English in stringtable
11:02:19 Updating base class ->Base, by a3\dubbing_radio_f\config.bin/CfgHQIdentities/PAPA_BEAR/
11:02:19 Updating base class ->Base, by a3\dubbing_radio_f\config.bin/CfgHQIdentities/AirBase/
11:02:19 Updating base class ->Wreck, by a3\data_f\config.bin/CfgVehicles/PlaneWreck/
11:02:19 Updating base class RscShortcutButton->RscButton, by a3\editor_f\config.bin/RscDisplayEditObject/Controls/B_OK/
11:02:19 Updating base class RscSliderH->RscXSliderH, by a3\editor_f\config.bin/RscDisplayEditObject/Slider/
11:02:19 Updating base class RscText->RscPicture, by a3\editor_f\config.bin/RscDisplayEditObject/Preview/
11:02:19 Updating base class RscShortcutButton->RscButton, by a3\editor_f\config.bin/RscDisplayMissionLoad/Controls/B_OK/
11:02:19 Updating base class RscShortcutButton->RscButton, by a3\editor_f\config.bin/RscDisplayMissionSave/Controls/B_OK/
11:02:19 Updating base class ->RscControlsGroup, by a3\ui_f\config.bin/RscControlsGroupNoScrollbars/
11:02:19 Updating base class ->RscControlsGroup, by a3\ui_f\config.bin/RscControlsGroupNoHScrollbars/
11:02:19 Updating base class ->RscControlsGroup, by a3\ui_f\config.bin/RscControlsGroupNoVScrollbars/
11:02:19 Updating base class ->RscText, by a3\ui_f\config.bin/RscLine/
11:02:19 Updating base class ->RscActiveText, by a3\ui_f\config.bin/RscActivePicture/
11:02:19 Updating base class ->RscButton, by a3\ui_f\config.bin/RscButtonTextOnly/
11:02:19 Updating base class ->RscShortcutButton, by a3\ui_f\config.bin/RscShortcutButtonMain/
11:02:19 Updating base class ->RscShortcutButton, by a3\ui_f\config.bin/RscButtonEditor/
11:02:19 Updating base class ->RscShortcutButton, by a3\ui_f\config.bin/RscIGUIShortcutButton/
11:02:19 Updating base class ->RscShortcutButton, by a3\ui_f\config.bin/RscGearShortcutButton/
11:02:19 Updating base class ->RscShortcutButton, by a3\ui_f\config.bin/RscButtonMenu/
11:02:19 Updating base class ->RscButtonMenu, by a3\ui_f\config.bin/RscButtonMenuOK/
11:02:19 Updating base class ->RscButtonMenu, by a3\ui_f\config.bin/RscButtonMenuCancel/
11:02:19 Updating base class ->RscButtonMenu, by a3\ui_f\config.bin/RscButtonMenuSteam/
11:02:19 Updating base class ->RscText, by a3\ui_f\config.bin/RscLoadingText/
11:02:19 Updating base class ->RscListBox, by a3\ui_f\config.bin/RscIGUIListBox/
11:02:19 Updating base class ->RscListNBox, by a3\ui_f\config.bin/RscIGUIListNBox/
11:02:19 Updating base class ->RscText, by a3\ui_f\config.bin/RscBackground/
11:02:19 Updating base class ->RscText, by a3\ui_f\config.bin/RscBackgroundGUI/
11:02:19 Updating base class ->RscPicture, by a3\ui_f\config.bin/RscBackgroundGUILeft/
11:02:19 Updating base class ->RscPicture, by a3\ui_f\config.bin/RscBackgroundGUIRight/
11:02:19 Updating base class ->RscPicture, by a3\ui_f\config.bin/RscBackgroundGUIBottom/
11:02:19 Updating base class ->RscText, by a3\ui_f\config.bin/RscBackgroundGUITop/
11:02:19 Updating base class ->RscText, by a3\ui_f\config.bin/RscBackgroundGUIDark/
11:02:19 Updating base class ->RscPictureKeepAspect, by a3\ui_f\config.bin/RscBackgroundLogo/
11:02:19 Updating base class ->RscMapControl, by a3\ui_f\config.bin/RscMapControlEmpty/
11:02:19 Updating base class ->RscPicture, by a3\ui_f\config.bin/CA_Mainback/
11:02:19 Updating base class ->CA_Mainback, by a3\ui_f\config.bin/CA_Back/
11:02:19 Updating base class ->CA_Mainback, by a3\ui_f\config.bin/CA_Title_Back/
11:02:19 Updating base class ->CA_Mainback, by a3\ui_f\config.bin/CA_Black_Back/
11:02:19 Updating base class ->RscTitle, by a3\ui_f\config.bin/CA_Title/
11:02:19 Updating base class ->RscPictureKeepAspect, by a3\ui_f\config.bin/CA_Logo/
11:02:19 Updating base class ->CA_Logo, by a3\ui_f\config.bin/CA_Logo_Small/
11:02:19 Updating base class ->RscButton, by a3\ui_f\config.bin/CA_RscButton/
11:02:19 Updating base class ->CA_RscButton, by a3\ui_f\config.bin/CA_RscButton_dialog/
11:02:19 Updating base class ->RscActiveText, by a3\ui_f\config.bin/CA_Ok/
11:02:19 Updating base class ->RscText, by a3\ui_f\config.bin/CA_Ok_image/
11:02:19 Updating base class ->RscText, by a3\ui_f\config.bin/CA_Ok_image2/
11:02:19 Updating base class ->RscText, by a3\ui_f\config.bin/CA_Ok_text/
11:02:19 Updating base class ->RscPicture, by a3\ui_f\config.bin/RscVignette/
11:02:19 Updating base class ->RscControlsGroupNoScrollbars, by a3\ui_f\config.bin/RscMapControlTooltip/
11:02:19 Updating base class RscUnitInfo->RscUnitInfoAirNoWeapon, by a3\ui_f\config.bin/RscInGameUI/RscUnitInfoAir/
11:02:19 Updating base class RscShortcutButton->RscButtonMenu, by a3\ui_f\config.bin/RscDisplayDebug/Controls/B_OK/
11:02:19 Updating base class RscShortcutButton->RscButtonMenu, by a3\ui_f\config.bin/RscDisplayDebug/Controls/B_Cancel/
11:02:19 Updating base class RscShortcutButton->RscButtonMenu, by a3\ui_f\config.bin/RscDisplayDebug/Controls/B_Clear/
11:02:19 Updating base class ->RscText, by a3\ui_f\config.bin/RscDisplayCapture/controls/TimeLines/
11:02:19 Updating base class RscShortcutButton->RscButtonMenu, by a3\ui_f\config.bin/RscDisplayCapture/controls/ButtonAverages/
11:02:19 Updating base class RscShortcutButton->RscButtonMenu, by a3\ui_f\config.bin/RscDisplayCapture/controls/ButtonSavePreviousData/
11:02:19 Updating base class RscShortcutButton->RscButtonMenu, by a3\ui_f\config.bin/RscDisplayCapture/controls/ButtonPreviousData/
11:02:19 Updating base class RscControlsGroup->RscControlsGroupNoHScrollbars, by a3\ui_f\config.bin/RscDisplayMain/controls/ModIcons/
11:02:19 Updating base class RscPicture->RscPictureKeepAspect, by a3\ui_f\config.bin/RscDisplayMain/IconPicture/
11:02:19 Updating base class IconPicture->RscPictureKeepAspect, by a3\ui_f\config.bin/RscDisplayMain/DlcOwnedIconPicture/
11:02:19 Updating base class IconPicture->RscPictureKeepAspect, by a3\ui_f\config.bin/RscDisplayMain/DlcIconPicture/
11:02:19 Updating base class RscListBox->RscCombo, by a3\ui_f\config.bin/RscDisplayCustomizeController/Steepness/
11:02:19 Updating base class ->RscStandardDisplay, by a3\ui_f\config.bin/RscDisplayControlSchemes/
11:02:19 Updating base class ButtonOK->RscButtonMenuCancel, by a3\ui_f\config.bin/RscDisplayControlSchemes/controls/ButtonCancel/
11:02:19 Updating base class RscButton->RscButtonMenuOK, by a3\ui_f\config.bin/RscDisplayControlSchemes/controls/ButtonOK/
11:02:19 Updating base class RscPicture->RscPictureKeepAspect, by a3\ui_f\config.bin/RscDisplayFileSelectImage/controls/OverviewPicture/
11:02:19 Updating base class RscShortcutButton->RscButtonMenuCancel, by a3\ui_f\config.bin/RscDisplayFieldManual/controls/ButtonCancel/
11:02:19 Cannot delete class B_KickOff, it is referenced somewhere (used as a base class probably).
11:02:19 Updating base class RscButton->RscButtonMenuCancel, by a3\ui_f\config.bin/RscDisplayPublishMission/controls/ButtonCancel/
11:02:19 Updating base class RscShortcutButton->RscButtonMenuOK, by a3\ui_f\config.bin/RscDisplayPublishMissionSelectTags/controls/ButtonOK/
11:02:19 Updating base class ButtonOK->RscButtonMenuCancel, by a3\ui_f\config.bin/RscDisplayPublishMissionSelectTags/controls/ButtonCancel/
11:02:19 Updating base class ->RscSubmenu, by a3\ui_f\config.bin/RscMainMenu/
11:02:19 Cannot update non class from class a3\ui_f\config.bin/RscCallSupport/Items/
11:02:19 Cannot update non class from class a3\ui_f\config.bin/RscRadio/Items/
11:02:19 Updating base class ->SubmunitionCore, by a3\weapons_f\config.bin/CfgAmmo/SubmunitionBase/
11:02:19 Updating base class ->MissileCore, by a3\weapons_f\config.bin/CfgAmmo/MissileBase/
11:02:19 Updating base class ->RocketCore, by a3\weapons_f\config.bin/CfgAmmo/RocketBase/
11:02:19 Updating base class ->GrenadeCore, by a3\weapons_f\config.bin/CfgAmmo/GrenadeBase/
11:02:19 Updating base class ->Grenade, by a3\weapons_f\config.bin/CfgAmmo/GrenadeHand/
11:02:19 Updating base class ->VehicleMagazine, by a3\weapons_f\config.bin/CfgMagazines/24Rnd_missiles/
11:02:19 Updating base class ->manual, by a3\weapons_f\config.bin/cfgWeapons/LMG_RCWS/close/
11:02:19 Updating base class ->LMG_RCWS, by a3\weapons_f\config.bin/cfgWeapons/LMG_M200/
11:02:19 Updating base class MGun->LMG_RCWS, by a3\weapons_f\config.bin/cfgWeapons/HMG_127/
11:02:19 Updating base class ->RocketPods, by a3\weapons_f\config.bin/cfgWeapons/missiles_DAR/
11:02:19 Updating base class ->MGun, by a3\weapons_f\config.bin/cfgWeapons/GMG_F/
11:02:19 Updating base class ->player, by a3\weapons_f\config.bin/cfgWeapons/autocannon_Base_F/close/
11:02:19 Updating base class ->close, by a3\weapons_f\config.bin/cfgWeapons/autocannon_Base_F/short/
11:02:19 Updating base class ->short, by a3\weapons_f\config.bin/cfgWeapons/autocannon_Base_F/medium/
11:02:19 Updating base class ->medium, by a3\weapons_f\config.bin/cfgWeapons/autocannon_Base_F/far/
11:02:19 Updating base class ->Default, by a3\weapons_f\config.bin/cfgWeapons/GrenadeLauncher/
11:02:19 Updating base class ->Rifle, by a3\weapons_f\config.bin/cfgWeapons/Rifle_Base_F/
11:02:19 Updating base class ->Rifle_Base_F, by a3\weapons_f\config.bin/cfgWeapons/Rifle_Long_Base_F/
11:02:19 Updating base class ->Pistol, by a3\weapons_f\config.bin/cfgWeapons/Pistol_Base_F/
11:02:19 Updating base class ->MineCore, by a3\weapons_f\explosives\config.bin/cfgAmmo/MineBase/
11:02:19 Updating base class ->BoundingMineCore, by a3\weapons_f\explosives\config.bin/cfgAmmo/BoundingMineBase/
11:02:19 Updating base class ->DirectionalBombCore, by a3\weapons_f\explosives\config.bin/cfgAmmo/DirectionalBombBase/
11:02:19 Updating base class ->PipeBombCore, by a3\weapons_f\explosives\config.bin/cfgAmmo/PipeBombBase/
11:02:19 Updating base class ->House_F, by nst\ns_a2\config.bin/CfgVehicles/Land_Mil_Barracks_i/
11:02:19 Updating base class Land_NavigLight->House_F, by nst\ns_a2\config.bin/CfgVehicles/Land_runway_edgelight/
11:02:19 Updating base class MarkerLights->, by nst\ns_a2\config.bin/CfgVehicles/Land_runway_edgelight/MarkerLights/
11:02:19 Updating base class RscText->ctrlStaticBackgroundDisable, by a3\3den\config.bin/RscDisplayOptionsAudio/ControlsBackground/BackgroundDisable/
11:02:19 Updating base class RscText->ctrlStaticBackgroundDisableTiles, by a3\3den\config.bin/RscDisplayOptionsAudio/ControlsBackground/BackgroundDisableTiles/
11:02:19 Updating base class RscText->ctrlStaticBackgroundDisable, by a3\3den\config.bin/RscDisplayConfigure/ControlsBackground/BackgroundDisable/
11:02:19 Updating base class RscText->ctrlStaticBackgroundDisableTiles, by a3\3den\config.bin/RscDisplayConfigure/ControlsBackground/BackgroundDisableTiles/
11:02:19 Updating base class RscText->ctrlStaticBackgroundDisable, by a3\3den\config.bin/RscDisplayConfigureAction/ControlsBackground/BackgroundDisable/
11:02:19 Updating base class RscText->ctrlStaticBackgroundDisableTiles, by a3\3den\config.bin/RscDisplayConfigureAction/ControlsBackground/BackgroundDisableTiles/
11:02:19 Updating base class RscText->ctrlStaticBackgroundDisable, by a3\3den\config.bin/RscDisplayConfigureControllers/ControlsBackground/BackgroundDisable/
11:02:19 Updating base class RscText->ctrlStaticBackgroundDisableTiles, by a3\3den\config.bin/RscDisplayConfigureControllers/ControlsBackground/BackgroundDisableTiles/
11:02:19 Updating base class RscText->ctrlStaticBackgroundDisable, by a3\3den\config.bin/RscDisplayGameOptions/ControlsBackground/BackgroundDisable/
11:02:19 Updating base class RscText->ctrlStaticBackgroundDisableTiles, by a3\3den\config.bin/RscDisplayGameOptions/ControlsBackground/BackgroundDisableTiles/
11:02:19 Updating base class controls->, by a3\3den\config.bin/RscDisplayArcadeMap_Layout_2/Controls/
11:02:19 Updating base class controls->, by a3\3den\config.bin/RscDisplayArcadeMap_Layout_6/Controls/
11:02:19 Updating base class ->Default, by a3\characters_f\heads\config.bin/CfgFaces/Man_A3/
11:02:19 Updating base class ->SlotInfo, by a3\weapons_f_mark\config.bin/UnderBarrelSlot/
11:02:19 Updating base class Rifle_Base_F->Rifle_Long_Base_F, by a3\weapons_f_mark\longrangerifles\dmr_03\config.bin/CfgWeapons/DMR_03_base_F/
11:02:19 Updating base class Rifle_Base_F->Rifle_Long_Base_F, by a3\weapons_f_mark\longrangerifles\dmr_05\config.bin/CfgWeapons/DMR_05_base_F/
11:02:19 Updating base class Rifle_Base_F->Rifle_Long_Base_F, by a3\weapons_f_mark\longrangerifles\dmr_06\config.bin/CfgWeapons/DMR_06_base_F/
11:02:19 Updating base class Rifle_Base_F->Rifle_Long_Base_F, by a3\weapons_f_mark\machineguns\mmg_01\config.bin/CfgWeapons/MMG_01_base_F/
11:02:19 Updating base class Rifle_Base_F->Rifle_Long_Base_F, by a3\weapons_f_mark\machineguns\mmg_02\config.bin/CfgWeapons/MMG_02_base_F/
11:02:20 Updating base class RscStandardDisplay->, by exile_client\config.bin/RscDisplayMain/
11:02:20 Updating base class RscStandardDisplay->, by exile_client\config.bin/RscDisplayMultiplayerSetup/
11:02:20 Updating base class RscPicture->RscText, by exile_client\config.bin/RscDisplayVoiceChat/controls/Picture/
11:02:20 Updating base class ->Car_F, by Exile_psycho_Gaz_volha\config.bin/CfgVehicles/volha_Base/
11:02:20 Updating base class ->Landrover_civ, by Exile_psycho_LRC\config.bin/CfgVehicles/Landrover_Civ_02/
11:02:20 Updating base class ->Landrover_civ, by Exile_psycho_LRC\config.bin/CfgVehicles/LR_Ambulance_Base/
11:02:20 Updating base class ->Octavia_Base, by Exile_psycho_Octavia\config.bin/CfgVehicles/Octavia_Civ_01/
11:02:20 Updating base class ->Car_F, by Exile_psycho_SUV_a3\config.bin/CfgVehicles/SUV_Base/
11:02:20 Updating base class ->Car_F, by exile_psycho_tractor\config.bin/CfgVehicles/Tractor_Base/
11:02:20 Updating base class ->Tractor_Base, by exile_psycho_tractor\config.bin/CfgVehicles/tractorOld/
11:02:20 Updating base class ->UH1H_Closed, by Exile_psycho_UH1H\config.bin/CfgVehicles/UH1H_Clo/
11:02:20 Updating base class ->UH1HL_base, by Exile_psycho_UH1H\config.bin/CfgVehicles/UH1H_M240/
11:02:20 Updating base class ->Ikarus_Civ_Base, by Exile_psycho_Ikarus\config.bin/CfgVehicles/Ikarus_Civ_01/
11:02:20 Updating base class ->Car_F, by Exile_psycho_lada\config.bin/CfgVehicles/Lada_Base/
11:02:20 Updating base class ->Car_F, by Exile_Psycho_towtractor\config.bin/CfgVehicles/TowingTractor/
11:02:20 Updating base class ->Offroad_01_base_F, by Exile_Psycho_UAZ\config.bin/CfgVehicles/UAZ_Base/
11:02:20 Updating base class ->UAZ_Base, by Exile_Psycho_UAZ\config.bin/CfgVehicles/UAZ_Open_Base/
11:02:20 Updating base class ->Ural_Base, by Exile_psycho_Ural\config.bin/CfgVehicles/Ural_RU/
11:02:20 Updating base class ->Ural_Open_Base, by Exile_psycho_Ural\config.bin/CfgVehicles/Ural_Open_RU/
11:02:20 Warning Message: No entry 'bin\config.bin.CfgDifficultyPresets'.
11:02:47 Warning Message: No entry '.myArmorCoef'.
11:02:47 Warning Message: '/' is not a value
11:02:47 Warning Message: No entry '.groupArmorCoef'.
11:02:47 Warning Message: '/' is not a value
11:02:47 Warning Message: No entry '.recoilCoef'.
11:02:47 Warning Message: '/' is not a value
11:02:47 Warning Message: No entry '.visionAidCoef'.
11:02:47 Warning Message: '/' is not a value
11:02:47 Warning Message: No entry '.divingLimitMultiplier'.
11:02:47 Warning Message: '/' is not a value
11:02:47 Warning Message: No entry '.animSpeedCoef'.
11:02:47 Warning Message: '/' is not a value
11:02:47 Warning Message: No entry '.cancelThreshold'.
11:02:47 Warning Message: '/' is not a value
11:02:47 Warning Message: No entry '.showCadetHints'.
11:02:47 Warning Message: '/' is not a value
11:02:47 Warning Message: No entry '.showCadetWP'.
11:02:47 Warning Message: '/' is not a value
11:02:47 Warning Message: No entry '.defaultPreset'.
11:02:47 Warning Message: '/' is not a value
11:02:47 ragdollHitDmgLimit (0.000000) is lower than minimum (0.010000) and it was set to min.
11:02:47 Initializing Steam Manager
11:02:47 Starting initial content check.
11:02:47 Steam Manager initialized.
11:02:47 
11:02:47 ==== Loaded addons ====
11:02:47 
11:02:47 dta\bin.pbo - unknown
11:02:47 dta\core.pbo - 84186
11:02:47 dta\languagecore_f.pbo - 93952
11:02:47 C:\Servers\Arma 3 Exile Server\@Zombies and Demons\addons\ryanzombies.pbo - unknown
11:02:47 C:\Servers\Arma 3 Exile Server\@namalsk\addons\namalsk.pbo - unknown
11:02:47 C:\Servers\Arma 3 Exile Server\@namalsk\addons\ns_a2.pbo - unknown
11:02:47 C:\Servers\Arma 3 Exile Server\@namalsk\addons\ns_jbad.pbo - unknown
11:02:47 C:\Servers\Arma 3 Exile Server\@namalsk\addons\ns_plants.pbo - unknown
11:02:47 C:\Servers\Arma 3 Exile Server\@namalsk\addons\ns_roads.pbo - unknown
11:02:47 C:\Servers\Arma 3 Exile Server\@namalsk\addons\ns_rocks.pbo - unknown
11:02:47 C:\Servers\Arma 3 Exile Server\@namalsk\addons\ns_sounds.pbo - unknown
11:02:47 C:\Servers\Arma 3 Exile Server\@namalsk\addons\ns_structures.pbo - unknown
11:02:47 C:\Servers\Arma 3 Exile Server\mark\addons\anims_f_mark.pbo - 87643
11:02:47 C:\Servers\Arma 3 Exile Server\mark\addons\characters_f_mark.pbo - 95333
11:02:47 C:\Servers\Arma 3 Exile Server\mark\addons\data_f_mark.pbo - 94529
11:02:47 C:\Servers\Arma 3 Exile Server\mark\addons\dubbing_f_mark.pbo - 81923
11:02:47 C:\Servers\Arma 3 Exile Server\mark\addons\dubbing_f_mp_mark.pbo - 81923
11:02:47 C:\Servers\Arma 3 Exile Server\mark\addons\functions_f_mark.pbo - 94531
11:02:47 C:\Servers\Arma 3 Exile Server\mark\addons\functions_f_mp_mark.pbo - 95447
11:02:47 C:\Servers\Arma 3 Exile Server\mark\addons\languagemissions_f_mark.pbo - 95787
11:02:47 C:\Servers\Arma 3 Exile Server\mark\addons\languagemissions_f_mp_mark.pbo - 95788
11:02:47 C:\Servers\Arma 3 Exile Server\mark\addons\language_f_mark.pbo - 95787
11:02:47 C:\Servers\Arma 3 Exile Server\mark\addons\language_f_mp_mark.pbo - 95787
11:02:47 C:\Servers\Arma 3 Exile Server\mark\addons\missions_f_mark.pbo - 93594
11:02:47 C:\Servers\Arma 3 Exile Server\mark\addons\missions_f_mark_data.pbo - 88838
11:02:47 C:\Servers\Arma 3 Exile Server\mark\addons\missions_f_mark_video.pbo - 81429
11:02:47 C:\Servers\Arma 3 Exile Server\mark\addons\missions_f_mp_mark.pbo - 94505
11:02:47 C:\Servers\Arma 3 Exile Server\mark\addons\missions_f_mp_mark_data.pbo - 90131
11:02:47 C:\Servers\Arma 3 Exile Server\mark\addons\modules_f_mark.pbo - 91796
11:02:47 C:\Servers\Arma 3 Exile Server\mark\addons\modules_f_mp_mark.pbo - 96081
11:02:47 C:\Servers\Arma 3 Exile Server\mark\addons\music_f_mark.pbo - 81958
11:02:47 C:\Servers\Arma 3 Exile Server\mark\addons\music_f_mark_music.pbo - 81930
11:02:47 C:\Servers\Arma 3 Exile Server\mark\addons\sounds_f_mark.pbo - 93638
11:02:47 C:\Servers\Arma 3 Exile Server\mark\addons\static_f_mark.pbo - 92219
11:02:47 C:\Servers\Arma 3 Exile Server\mark\addons\structures_f_mark.pbo - 94417
11:02:47 C:\Servers\Arma 3 Exile Server\mark\addons\supplies_f_mark.pbo - 91796
11:02:47 C:\Servers\Arma 3 Exile Server\mark\addons\ui_f_mark.pbo - 84397
11:02:47 C:\Servers\Arma 3 Exile Server\mark\addons\ui_f_mp_mark.pbo - 92052
11:02:47 C:\Servers\Arma 3 Exile Server\mark\addons\weapons_f_mark.pbo - 95353
11:02:47 C:\Servers\Arma 3 Exile Server\kart\addons\anims_f_kart.pbo - 80475
11:02:47 C:\Servers\Arma 3 Exile Server\kart\addons\characters_f_kart.pbo - 92295
11:02:47 C:\Servers\Arma 3 Exile Server\kart\addons\data_f_kart.pbo - 94527
11:02:47 C:\Servers\Arma 3 Exile Server\kart\addons\languagemissions_f_kart.pbo - 95787
11:02:47 C:\Servers\Arma 3 Exile Server\kart\addons\language_f_kart.pbo - 95787
11:02:47 C:\Servers\Arma 3 Exile Server\kart\addons\missions_f_kart.pbo - 93793
11:02:47 C:\Servers\Arma 3 Exile Server\kart\addons\missions_f_kart_data.pbo - 75687
11:02:47 C:\Servers\Arma 3 Exile Server\kart\addons\modules_f_kart.pbo - 95447
11:02:47 C:\Servers\Arma 3 Exile Server\kart\addons\modules_f_kart_data.pbo - 91796
11:02:47 C:\Servers\Arma 3 Exile Server\kart\addons\soft_f_kart.pbo - 94830
11:02:47 C:\Servers\Arma 3 Exile Server\kart\addons\sounds_f_kart.pbo - 79398
11:02:47 C:\Servers\Arma 3 Exile Server\kart\addons\structures_f_kart.pbo - 94416
11:02:47 C:\Servers\Arma 3 Exile Server\kart\addons\ui_f_kart.pbo - 73106
11:02:47 C:\Servers\Arma 3 Exile Server\kart\addons\weapons_f_kart.pbo - 92332
11:02:47 C:\Servers\Arma 3 Exile Server\heli\addons\air_f_heli.pbo - 94806
11:02:47 C:\Servers\Arma 3 Exile Server\heli\addons\anims_f_heli.pbo - 93791
11:02:47 C:\Servers\Arma 3 Exile Server\heli\addons\boat_f_heli.pbo - 94809
11:02:47 C:\Servers\Arma 3 Exile Server\heli\addons\cargoposes_f_heli.pbo - 93982
11:02:47 C:\Servers\Arma 3 Exile Server\heli\addons\data_f_heli.pbo - 94529
11:02:47 C:\Servers\Arma 3 Exile Server\heli\addons\dubbing_f_heli.pbo - 75138
11:02:47 C:\Servers\Arma 3 Exile Server\heli\addons\functions_f_heli.pbo - 91673
11:02:47 C:\Servers\Arma 3 Exile Server\heli\addons\languagemissions_f_heli.pbo - 95787
11:02:47 C:\Servers\Arma 3 Exile Server\heli\addons\language_f_heli.pbo - 95787
11:02:47 C:\Servers\Arma 3 Exile Server\heli\addons\missions_f_heli.pbo - 95628
11:02:47 C:\Servers\Arma 3 Exile Server\heli\addons\missions_f_heli_data.pbo - 75977
11:02:47 C:\Servers\Arma 3 Exile Server\heli\addons\missions_f_heli_video.pbo - 75065
11:02:47 C:\Servers\Arma 3 Exile Server\heli\addons\modules_f_heli.pbo - 95514
11:02:47 C:\Servers\Arma 3 Exile Server\heli\addons\music_f_heli.pbo - 87643
11:02:47 C:\Servers\Arma 3 Exile Server\heli\addons\music_f_heli_music.pbo - 87643
11:02:47 C:\Servers\Arma 3 Exile Server\heli\addons\soft_f_heli.pbo - 94830
11:02:47 C:\Servers\Arma 3 Exile Server\heli\addons\sounds_f_heli.pbo - 79398
11:02:47 C:\Servers\Arma 3 Exile Server\heli\addons\structures_f_heli.pbo - 94414
11:02:47 C:\Servers\Arma 3 Exile Server\heli\addons\supplies_f_heli.pbo - 92499
11:02:47 C:\Servers\Arma 3 Exile Server\heli\addons\ui_f_heli.pbo - 76986
11:02:47 C:\Servers\Arma 3 Exile Server\@ExileServer\addons\exile_server.pbo - unknown
11:02:47 C:\Servers\Arma 3 Exile Server\@ExileServer\addons\exile_server_.old.config.pbo - unknown
11:02:47 C:\Servers\Arma 3 Exile Server\@ExileServer\addons\exile_server_config.pbo - unknown
11:02:47 C:\Servers\Arma 3 Exile Server\@Exile\addons\dbo_old_bike.pbo - unknown
11:02:47 C:\Servers\Arma 3 Exile Server\@Exile\addons\exile_assets.pbo - unknown
11:02:47 C:\Servers\Arma 3 Exile Server\@Exile\addons\exile_client.pbo - unknown
11:02:47 C:\Servers\Arma 3 Exile Server\@Exile\addons\exile_psycho_gaz_volha.pbo - unknown
11:02:47 C:\Servers\Arma 3 Exile Server\@Exile\addons\exile_psycho_ikarus.pbo - unknown
11:02:47 C:\Servers\Arma 3 Exile Server\@Exile\addons\exile_psycho_lada.pbo - unknown
11:02:47 C:\Servers\Arma 3 Exile Server\@Exile\addons\exile_psycho_lrc.pbo - unknown
11:02:47 C:\Servers\Arma 3 Exile Server\@Exile\addons\exile_psycho_octavia.pbo - unknown
11:02:47 C:\Servers\Arma 3 Exile Server\@Exile\addons\exile_psycho_suv_a3.pbo - unknown
11:02:47 C:\Servers\Arma 3 Exile Server\@Exile\addons\exile_psycho_towtractor.pbo - unknown
11:02:47 C:\Servers\Arma 3 Exile Server\@Exile\addons\exile_psycho_tractor.pbo - unknown
11:02:47 C:\Servers\Arma 3 Exile Server\@Exile\addons\exile_psycho_uaz.pbo - unknown
11:02:47 C:\Servers\Arma 3 Exile Server\@Exile\addons\exile_psycho_uh1h.pbo - unknown
11:02:47 C:\Servers\Arma 3 Exile Server\@Exile\addons\exile_psycho_ural.pbo - unknown
11:02:47 C:\Servers\Arma 3 Exile Server\@Exile\addons\gnt_c185.pbo - unknown
11:02:47 C:\Servers\Arma 3 Exile Server\curator\addons\data_f_curator.pbo - 92825
11:02:47 C:\Servers\Arma 3 Exile Server\curator\addons\functions_f_curator.pbo - 92869
11:02:47 C:\Servers\Arma 3 Exile Server\curator\addons\language_f_curator.pbo - 93293
11:02:47 C:\Servers\Arma 3 Exile Server\curator\addons\missions_f_curator.pbo - 91795
11:02:47 C:\Servers\Arma 3 Exile Server\curator\addons\modules_f_curator.pbo - 92935
11:02:47 C:\Servers\Arma 3 Exile Server\curator\addons\ui_f_curator.pbo - 90981
11:02:47 addons\3den.pbo - 93478
11:02:47 addons\3den_language.pbo - 93293
11:02:47 addons\a3.pbo - unknown
11:02:47 addons\air_f.pbo - 92215
11:02:47 addons\air_f_beta.pbo - 92216
11:02:47 addons\air_f_epb.pbo - 92217
11:02:47 addons\air_f_epc.pbo - 92217
11:02:47 addons\air_f_gamma.pbo - 92217
11:02:47 addons\animals_f.pbo - 93217
11:02:47 addons\animals_f_beta.pbo - 91796
11:02:47 addons\anims_f.pbo - 92711
11:02:47 addons\anims_f_bootcamp.pbo - 88948
11:02:47 addons\anims_f_data.pbo - 92643
11:02:47 addons\anims_f_epa.pbo - 89360
11:02:47 addons\anims_f_epc.pbo - 79126
11:02:47 addons\anims_f_exp_a.pbo - 92435
11:02:47 addons\armor_f.pbo - 91796
11:02:47 addons\armor_f_beta.pbo - 92295
11:02:47 addons\armor_f_epb.pbo - 92218
11:02:47 addons\armor_f_epc.pbo - 91793
11:02:47 addons\armor_f_gamma.pbo - 92218
11:02:47 addons\baseconfig_f.pbo - 73106
11:02:47 addons\boat_f.pbo - 92387
11:02:47 addons\boat_f_beta.pbo - 92219
11:02:47 addons\boat_f_epc.pbo - 92219
11:02:47 addons\boat_f_gamma.pbo - 92649
11:02:47 addons\cargoposes_f.pbo - 93278
11:02:47 addons\characters_f.pbo - 92499
11:02:47 addons\characters_f_beta.pbo - 91796
11:02:47 addons\characters_f_bootcamp.pbo - 91796
11:02:47 addons\characters_f_epa.pbo - 91796
11:02:47 addons\characters_f_epb.pbo - 91796
11:02:47 addons\characters_f_epc.pbo - 91796
11:02:47 addons\characters_f_gamma.pbo - 91796
11:02:47 addons\data_f.pbo - 92794
11:02:47 addons\data_f_bootcamp.pbo - 91796
11:02:47 addons\data_f_exp_a.pbo - 92638
11:02:47 addons\data_f_exp_b.pbo - 92546
11:02:47 addons\drones_f.pbo - 92219
11:02:47 addons\dubbing_f.pbo - 73106
11:02:47 addons\dubbing_f_beta.pbo - 73106
11:02:47 addons\dubbing_f_bootcamp.pbo - 87093
11:02:47 addons\dubbing_f_epa.pbo - 73106
11:02:47 addons\dubbing_f_epb.pbo - 76110
11:02:47 addons\dubbing_f_epc.pbo - 87001
11:02:47 addons\dubbing_f_gamma.pbo - 73106
11:02:47 addons\dubbing_radio_f.pbo - 89312
11:02:47 addons\dubbing_radio_f_data_eng.pbo - 92967
11:02:47 addons\dubbing_radio_f_data_engb.pbo - 89130
11:02:47 addons\dubbing_radio_f_data_gre.pbo - 89130
11:02:47 addons\dubbing_radio_f_data_per.pbo - 89130
11:02:47 addons\dubbing_radio_f_data_vr.pbo - 89130
11:02:47 addons\editor_f.pbo - 82563
11:02:47 addons\functions_f.pbo - 93806
11:02:47 addons\functions_f_bootcamp.pbo - 92936
11:02:47 addons\functions_f_epa.pbo - 91671
11:02:47 addons\functions_f_epc.pbo - 91673
11:02:47 addons\functions_f_exp_a.pbo - 92211
11:02:47 addons\languagemissions_f.pbo - 93293
11:02:47 addons\languagemissions_f_beta.pbo - 93293
11:02:47 addons\languagemissions_f_bootcamp.pbo - 93293
11:02:47 addons\languagemissions_f_epa.pbo - 93293
11:02:47 addons\languagemissions_f_epb.pbo - 93293
11:02:47 addons\languagemissions_f_epc.pbo - 93293
11:02:47 addons\languagemissions_f_exp_a.pbo - 93293
11:02:47 addons\languagemissions_f_gamma.pbo - 93293
11:02:47 addons\language_f.pbo - 93293
11:02:47 addons\language_f_beta.pbo - 93293
11:02:47 addons\language_f_bootcamp.pbo - 93293
11:02:47 addons\language_f_epa.pbo - 93293
11:02:47 addons\language_f_epb.pbo - 93293
11:02:47 addons\language_f_epc.pbo - 93293
11:02:47 addons\language_f_exp_a.pbo - 93293
11:02:47 addons\language_f_exp_b.pbo - 93293
11:02:47 addons\language_f_gamma.pbo - 93293
11:02:47 addons\map_altis.pbo - 92834
11:02:47 addons\map_altis_data.pbo - 92834
11:02:47 addons\map_altis_data_layers.pbo - 92834
11:02:47 addons\map_altis_data_layers_00_00.pbo - 92834
11:02:47 addons\map_altis_data_layers_00_01.pbo - 92834
11:02:47 addons\map_altis_data_layers_01_00.pbo - 92834
11:02:47 addons\map_altis_data_layers_01_01.pbo - 92834
11:02:47 addons\map_altis_scenes_f.pbo - 73106
11:02:47 addons\map_data.pbo - 91860
11:02:47 addons\map_stratis.pbo - 91796
11:02:47 addons\map_stratis_data.pbo - 90788
11:02:47 addons\map_stratis_data_layers.pbo - 90788
11:02:47 addons\map_stratis_scenes_f.pbo - 73106
11:02:47 addons\map_vr.pbo - 91796
11:02:47 addons\map_vr_scenes_f.pbo - 90788
11:02:47 addons\misc_f.pbo - 92499
11:02:47 addons\missions_f.pbo - 92743
11:02:47 addons\missions_f_beta.pbo - 92020
11:02:47 addons\missions_f_beta_data.pbo - 85005
11:02:47 addons\missions_f_beta_video.pbo - 73106
11:02:47 addons\missions_f_bootcamp.pbo - 91921
11:02:47 addons\missions_f_bootcamp_data.pbo - 72362
11:02:47 addons\missions_f_bootcamp_video.pbo - 75065
11:02:47 addons\missions_f_data.pbo - 92728
11:02:47 addons\missions_f_epa.pbo - 92525
11:02:47 addons\missions_f_epa_data.pbo - 73106
11:02:47 addons\missions_f_epa_video.pbo - 73106
11:02:47 addons\missions_f_epb.pbo - 92744
11:02:47 addons\missions_f_epb_data.pbo - 92728
11:02:47 addons\missions_f_epb_video.pbo - 73106
11:02:47 addons\missions_f_epc.pbo - 92211
11:02:47 addons\missions_f_epc_data.pbo - 84724
11:02:47 addons\missions_f_epc_video.pbo - 84725
11:02:47 addons\missions_f_exp_a.pbo - 91740
11:02:47 addons\missions_f_exp_a_data.pbo - 90131
11:02:47 addons\missions_f_gamma.pbo - 92020
11:02:47 addons\missions_f_gamma_data.pbo - 86243
11:02:47 addons\missions_f_gamma_video.pbo - 73106
11:02:47 addons\missions_f_video.pbo - 73106
11:02:47 addons\modules_f.pbo - 93384
11:02:47 addons\modules_f_beta.pbo - 92744
11:02:47 addons\modules_f_beta_data.pbo - 92729
11:02:47 addons\modules_f_bootcamp.pbo - 91795
11:02:47 addons\modules_f_data.pbo - 91796
11:02:47 addons\modules_f_epb.pbo - 91796
11:02:47 addons\modules_f_exp_a.pbo - 88829
11:02:47 addons\music_f.pbo - 73106
11:02:47 addons\music_f_bootcamp.pbo - 73106
11:02:47 addons\music_f_bootcamp_music.pbo - 73106
11:02:47 addons\music_f_epa.pbo - 73106
11:02:47 addons\music_f_epa_music.pbo - 73106
11:02:47 addons\music_f_epb.pbo - 73106
11:02:47 addons\music_f_epb_music.pbo - 73106
11:02:47 addons\music_f_epc.pbo - 87643
11:02:47 addons\music_f_epc_music.pbo - 73106
11:02:47 addons\music_f_music.pbo - 73106
11:02:47 addons\plants_f.pbo - 92798
11:02:47 addons\props_f_exp_a.pbo - 92219
11:02:47 addons\roads_f.pbo - 92417
11:02:47 addons\rocks_f.pbo - 91643
11:02:47 addons\signs_f.pbo - 92360
11:02:47 addons\soft_f.pbo - 92417
11:02:47 addons\soft_f_beta.pbo - 92219
11:02:47 addons\soft_f_bootcamp.pbo - 91798
11:02:47 addons\soft_f_epc.pbo - 92219
11:02:47 addons\soft_f_gamma.pbo - 92417
11:02:47 addons\sounds_f.pbo - 92963
11:02:47 addons\sounds_f_arsenal.pbo - 92964
11:02:47 addons\sounds_f_bootcamp.pbo - 91796
11:02:47 addons\sounds_f_characters.pbo - 90106
11:02:47 addons\sounds_f_environment.pbo - 88851
11:02:47 addons\sounds_f_epb.pbo - 88761
11:02:47 addons\sounds_f_epc.pbo - 86933
11:02:47 addons\sounds_f_exp_a.pbo - 88829
11:02:47 addons\sounds_f_sfx.pbo - 88881
11:02:47 addons\sounds_f_vehicles.pbo - 92131
11:02:47 addons\sounds_f_weapons.pbo - 84865
11:02:47 addons\static_f.pbo - 92794
11:02:47 addons\static_f_beta.pbo - 91798
11:02:47 addons\static_f_gamma.pbo - 91798
11:02:47 addons\structures_f.pbo - 92711
11:02:47 addons\structures_f_bootcamp.pbo - 92499
11:02:47 addons\structures_f_data.pbo - 91796
11:02:47 addons\structures_f_epa.pbo - 92499
11:02:47 addons\structures_f_epb.pbo - 92499
11:02:47 addons\structures_f_epc.pbo - 92417
11:02:47 addons\structures_f_exp_a.pbo - 91796
11:02:47 addons\structures_f_households.pbo - 92499
11:02:47 addons\structures_f_ind.pbo - 92499
11:02:47 addons\structures_f_mil.pbo - 93795
11:02:47 addons\structures_f_wrecks.pbo - 92360
11:02:47 addons\uifonts_f.pbo - 93100
11:02:47 addons\uifonts_f_data.pbo - 93149
11:02:47 addons\ui_f.pbo - 93138
11:02:47 addons\ui_f_bootcamp.pbo - 76325
11:02:47 addons\ui_f_data.pbo - 93060
11:02:47 addons\ui_f_exp_a.pbo - 92483
11:02:47 addons\weapons_f.pbo - 92834
11:02:47 addons\weapons_f_beta.pbo - 92208
11:02:47 addons\weapons_f_bootcamp.pbo - 91796
11:02:47 addons\weapons_f_epa.pbo - 91798
11:02:47 addons\weapons_f_epb.pbo - 91798
11:02:47 addons\weapons_f_epc.pbo - 91798
11:02:47 addons\weapons_f_gamma.pbo - 91798
11:02:47 
11:02:47 =======================
11:02:47 
11:02:47 ============================================================================================= List of mods ===============================================================================================
11:02:47 modsReadOnly = true
11:02:47 safeModsActivated = false
11:02:47 customMods = true
11:02:47 hash = '8322465878ECF07DBABF2DF20C20D44A422C1BA4'
11:02:47 hashShort = '7dfaf798'
11:02:47                                               name |               modDir |    default |               origin |                                     hash | hashShort | fullPath
11:02:47 ----------------------------------------------------------------------------------------------------------------------------------------------------------------------------------------------------------
11:02:47                            Ryan's Zombies & Demons |  @Zombies and Demons |      false |             GAME DIR | 9ee92e17ed73ff4c21b8e96fd3476a57f5838777 |  117032f4 | C:\Servers\Arma 3 Exile Server\@Zombies and Demons
11:02:47                                            Namalsk |             @namalsk |      false |             GAME DIR | 7d0ff578a780252827691f9ee0d6f6ad7fd0aa79 |  494f0950 | C:\Servers\Arma 3 Exile Server\@namalsk
11:02:47                                    Arma 3 Marksmen |                 mark |       true |             GAME DIR | df9d6bc2a3e8838b093c9f947dd445109f1bcd7a |  3029d3d1 | C:\Servers\Arma 3 Exile Server\mark
11:02:47                                       Arma 3 Karts |                 kart |       true |             GAME DIR | e50cb946e3757a921b5c671ab3faf13ec85adb03 |  c94faf86 | C:\Servers\Arma 3 Exile Server\kart
11:02:47                                 Arma 3 Helicopters |                 heli |       true |             GAME DIR | 5df833ca4645686712418acfd3808ac819a17407 |  c1e066a0 | C:\Servers\Arma 3 Exile Server\heli
11:02:47                                       @ExileServer |         @ExileServer |      false |             GAME DIR | cca654f034b5bc0dc32ae7d5bdd015cfe929821b |  cfcdb334 | C:\Servers\Arma 3 Exile Server\@ExileServer
11:02:47                                          Exile Mod |               @Exile |      false |             GAME DIR | 2da2bc9a6ba5c85a2b8352cb4e4efed329f86d1a |  fa374743 | C:\Servers\Arma 3 Exile Server\@Exile
11:02:47                                  Arma 3 DLC Bundle |            dlcbundle |       true |            NOT FOUND |                                          |           | 
11:02:47                                        Arma 3 Zeus |              curator |       true |             GAME DIR | c33f513e3eca4e82f790da3986a4264f57719bc5 |  ba819c35 | C:\Servers\Arma 3 Exile Server\curator
11:02:47                                             Arma 3 |                   A3 |       true |            NOT FOUND |                                          |           | 
11:02:47 ==========================================================================================================================================================================================================
11:02:47 Unknown hit sound type in bin\config.bin/CfgSurfaces/nam_snow.soundHit
11:02:47 InitSound ...
11:02:47 InitSound - complete
11:02:47 PhysX3 SDK Init started ...
11:02:47 PhysX3 SDK Init ended.
11:02:48 Attempt to override final function - rscminimap_script
11:02:48 Attempt to override final function - rscdisplayloading_script
11:02:48 Attempt to override final function - rscdisplayloading_script
11:02:48 Attempt to override final function - rscdisplayloading_script
11:02:48 Attempt to override final function - rscdiary_script
11:02:48 Attempt to override final function - rscdisplaysinglemission_script
11:02:48 Attempt to override final function - rscdiary_script
11:02:48 Attempt to override final function - rscdisplayremotemissions_script
11:02:48 Attempt to override final function - rscdisplayloading_script
11:02:48 Attempt to override final function - rscdiary_script
11:02:48 Attempt to override final function - rscdiary_script
11:02:48 Attempt to override final function - rscdisplaystrategicmap_script
11:02:48 Attempt to override final function - rscdisplaycommon_script
11:02:48 Attempt to override final function - rscdisplaygarage_script
11:02:48 Attempt to override final function - rscdisplayloading_script
11:02:49 Attempt to override final function - rscdisplaycurator_script
11:02:49 Attempt to override final function - rscdisplayattributes_script
11:02:49 Attempt to override final function - rscdisplayattributes_script
11:02:49 Attempt to override final function - rscdisplayattributes_script
11:02:49 Attempt to override final function - display3deneditattributes_script
11:02:49 Attempt to override final function - display3deneditattributes_script
11:02:49 Attempt to override final function - rscdisplayhostsettings_script
11:02:49 Attempt to override final function - rscdisplaycommon_script
11:02:49 Attempt to override final function - rscdisplaydebriefing_script
11:02:49 Attempt to override final function - rscunitinfo_script
11:02:49 Attempt to override final function - rscunitinfo_script
11:02:49 Attempt to override final function - rscunitinfo_script
11:02:49 Attempt to override final function - rscunitinfo_script
11:02:49 Attempt to override final function - rscunitinfo_script
11:02:49 Attempt to override final function - rscunitinfo_script
11:02:49 Attempt to override final function - rscunitinfo_script
11:02:49 Attempt to override final function - rscunitinfo_script
11:02:49 Attempt to override final function - rscunitinfo_script
11:02:49 Attempt to override final function - rscunitinfo_script
11:02:49 Attempt to override final function - rscunitinfo_script
11:02:49 Attempt to override final function - rscunitinfo_script
11:02:49 Attempt to override final function - rscunitinfo_script
11:02:49 Attempt to override final function - rscunitinfo_script
11:02:49 Attempt to override final function - rscunitinfo_script
11:02:49 Attempt to override final function - rscunitinfo_script
11:02:49 Attempt to override final function - rscunitinfo_script
11:02:49 Attempt to override final function - rscunitinfo_script
11:02:49 Attempt to override final function - rscunitinfo_script
11:02:49 Attempt to override final function - rscunitinfo_script
11:02:49 Attempt to override final function - rscunitinfo_script
11:02:49 Attempt to override final function - rscunitinfo_script
11:02:49 Attempt to override final function - rscunitinfo_script
11:02:49 Attempt to override final function - rscunitinfo_script
11:02:49 Attempt to override final function - rscunitinfo_script
11:02:49 Attempt to override final function - rscunitinfo_script
11:02:49 Attempt to override final function - rscunitinfo_script
11:02:49 Attempt to override final function - rscunitinfo_script
11:02:49 Attempt to override final function - rscunitinfo_script
11:02:49 Attempt to override final function - rscunitinfo_script
11:02:49 Attempt to override final function - rscunitinfo_script
11:02:49 Attempt to override final function - rscunitinfo_script
11:02:49 Attempt to override final function - rscunitinfo_script
11:02:49 Attempt to override final function - rscunitinfo_script
11:02:49 Attempt to override final function - rscunitinfo_script
11:02:49 Attempt to override final function - rscunitinfo_script
11:02:49 Attempt to override final function - rscunitinfo_script
11:02:49 Attempt to override final function - rscunitinfo_script
11:02:49 Attempt to override final function - rscunitinfo_script
11:02:49 Attempt to override final function - rscunitinfo_script
11:02:49 Attempt to override final function - rscunitinfo_script
11:02:49 Attempt to override final function - rscunitinfo_script
11:02:49 Attempt to override final function - rscunitinfo_script
11:02:49 Attempt to override final function - rscunitinfo_script
11:02:49 Attempt to override final function - rscunitinfo_script
11:02:49 Attempt to override final function - rscunitinfo_script
11:02:49 Attempt to override final function - rscunitinfo_script
11:02:49 Attempt to override final function - rscunitinfo_script
11:02:49 Attempt to override final function - rscunitinfo_script
11:02:49 Attempt to override final function - rscunitinfo_script
11:02:49 Attempt to override final function - rscunitinfo_script
11:02:49 Attempt to override final function - rscunitinfo_script
11:02:49 Attempt to override final function - rscunitinfo_script
11:02:49 Attempt to override final function - rscunitinfo_script
11:02:49 Attempt to override final function - rscunitinfo_script
11:02:49 Attempt to override final function - rscunitinfo_script
11:02:49 Attempt to override final function - rscunitinfo_script
11:02:49 Attempt to override final function - rscunitinfo_script
11:02:49 Attempt to override final function - slidertime_script
11:02:49 Attempt to override final function - slidertime_script
11:02:49 Attempt to override final function - slidertime_script
11:02:49 Warning Message: No entry 'bin\config.bin.CfgSimpleTasks'.
11:02:49 Warning Message: No entry '.TaskOverview'.
11:02:49 Warning Message: No entry '.dimmEndTime'.
11:02:49 Warning Message: '/' is not a value
11:02:49 Warning Message: No entry '.dimmStartTime'.
11:02:49 Warning Message: '/' is not a value
11:02:50 VoteThreshold must be in 0..1 range. Defaulting to 0.5
Initializing Steam server - Game Port: 2302, Steam Query Port: 2303
Starting mission:
 Mission file: Exile (__cur_mp)
 Mission world: Namalsk
 Mission directory: mpmissions\__cur_mp.Namalsk\
Warning Message: No entry 'bin\config.bin.CfgSimpleTasks'.
Warning Message: No entry '.Icon3D'.
Warning Message: No entry '.font'.
Warning Message: '/' is not a value
Warning Message: Custom font  is not present, it was replaced by the default Arma3 font.
Warning Message: No entry '.sizeEx'.
Warning Message: '/' is not a value
Warning Message: No entry '.iconOffset'.
Warning Message: '/' is not a value
Warning Message: No entry '.maxVisible'.
Warning Message: '/' is not a value
Warning Message: No entry '.colorText'.
Warning Message: Size: '/' not an array
Warning Message: Size: '/' not an array
Warning Message: No entry '.colorTextAssigned'.
Warning Message: Size: '/' not an array
Warning Message: Size: '/' not an array
Warning Message: No entry '.colorTextCustom'.
Warning Message: Size: '/' not an array
Warning Message: Size: '/' not an array
Warning Message: No entry '.textureBackground'.
Warning Message: '/' is not a value
Warning Message: No entry '.sizeBackground'.
Warning Message: '/' is not a value
Warning Message: No entry '.sizeIcon'.
Warning Message: '/' is not a value
Warning Message: No entry '.colorIcon'.
Warning Message: Size: '/' not an array
Warning Message: Size: '/' not an array
Warning Message: No entry '.colorBackground'.
Warning Message: Size: '/' not an array
Warning Message: Size: '/' not an array
Warning Message: No entry '.colorIconAssigned'.
Warning Message: Size: '/' not an array
Warning Message: Size: '/' not an array
Warning Message: No entry '.colorBackgroundAssigned'.
Warning Message: Size: '/' not an array
Warning Message: Size: '/' not an array
Warning Message: No entry '.colorIconCustom'.
Warning Message: Size: '/' not an array
Warning Message: Size: '/' not an array
Warning Message: No entry '.colorBackgroundCustom'.
Warning Message: Size: '/' not an array
Warning Message: Size: '/' not an array
Warning Message: No entry 'bin\config.bin.CfgSimpleTasks'.
Warning Message: No entry '.Icon2D'.
Warning Message: No entry '.mouseoverZoom'.
Warning Message: '/' is not a value
Warning Message: No entry '.selectedAlpha'.
Warning Message: '/' is not a value
Warning Message: No entry '.sizeInverted'.
Warning Message: '/' is not a value
Warning Message: No entry '.sizeBackground'.
Warning Message: '/' is not a value
Warning Message: No entry '.sizeIcon'.
Warning Message: '/' is not a value
Warning Message: No entry '.colorIcon'.
Warning Message: Size: '/' not an array
Warning Message: Size: '/' not an array
Warning Message: No entry '.colorBackground'.
Warning Message: Size: '/' not an array
Warning Message: Size: '/' not an array
Warning Message: No entry '.colorIconAssigned'.
Warning Message: Size: '/' not an array
Warning Message: Size: '/' not an array
Warning Message: No entry '.colorBackgroundAssigned'.
Warning Message: Size: '/' not an array
Warning Message: Size: '/' not an array
Warning Message: No entry '.colorIconCustom'.
Warning Message: Size: '/' not an array
Warning Message: Size: '/' not an array
Warning Message: No entry '.colorBackgroundCustom'.
Warning Message: Size: '/' not an array
Warning Message: Size: '/' not an array
Warning Message: No entry 'bin\config.bin.CfgSimpleTasks'.
Warning Message: No entry '.Tooltip'.
Warning Message: No entry '.selectedAlpha'.
Warning Message: '/' is not a value
Warning Message: No entry '.widthMin'.
Warning Message: '/' is not a value
Warning Message: No entry '.widthMax'.
Warning Message: '/' is not a value
Warning Message: No entry '.Title'.
Warning Message: No entry '.font'.
Warning Message: '/' is not a value
Warning Message: No entry '.Title'.
Warning Message: No entry '.sizeEx'.
Warning Message: '/' is not a value
Warning Message: No entry '.Title'.
Warning Message: No entry '.left'.
Warning Message: '/' is not a value
Warning Message: No entry '.Title'.
Warning Message: No entry '.top'.
Warning Message: '/' is not a value
Warning Message: No entry '.SubTitle'.
Warning Message: No entry '.font'.
Warning Message: '/' is not a value
Warning Message: No entry '.SubTitle'.
Warning Message: No entry '.sizeEx'.
Warning Message: '/' is not a value
Warning Message: No entry '.SubTitle'.
Warning Message: No entry '.left'.
Warning Message: '/' is not a value
Warning Message: No entry '.SubTitle'.
Warning Message: No entry '.top'.
Warning Message: '/' is not a value
Warning Message: No entry '.CustomText'.
Warning Message: No entry '.font'.
Warning Message: '/' is not a value
Warning Message: No entry '.CustomText'.
Warning Message: No entry '.sizeEx'.
Warning Message: '/' is not a value
Warning Message: No entry '.CustomText'.
Warning Message: No entry '.right'.
Warning Message: '/' is not a value
Warning Message: No entry '.CustomText'.
Warning Message: No entry '.top'.
Warning Message: '/' is not a value
Warning Message: No entry '.CustomIcon'.
Warning Message: No entry '.sizeEx'.
Warning Message: '/' is not a value
Warning Message: No entry '.CustomIcon'.
Warning Message: No entry '.right'.
Warning Message: '/' is not a value
Warning Message: No entry '.CustomIcon'.
Warning Message: No entry '.top'.
Warning Message: '/' is not a value
Warning Message: No entry '.textAssigned'.
Warning Message: '/' is not a value
Warning Message: No entry '.textUnassigned'.
Warning Message: '/' is not a value
Warning Message: No entry '.textAssign'.
Warning Message: '/' is not a value
Warning Message: No entry '.textUnassign'.
Warning Message: '/' is not a value
Warning Message: No entry 'bin\config.bin/CfgDiary.TaskIndex'.
Warning Message: No entry '.colorCreated'.
Warning Message: Size: '/' not an array
Warning Message: Size: '/' not an array
Warning Message: No entry '.colorDone'.
Warning Message: Size: '/' not an array
Warning Message: Size: '/' not an array
Warning Message: No entry '.colorCanceled'.
Warning Message: Size: '/' not an array
Warning Message: Size: '/' not an array
Warning Message: No entry '.colorFailed'.
Warning Message: Size: '/' not an array
Warning Message: Size: '/' not an array
Warning Message: No entry '.colorAssigned'.
Warning Message: Size: '/' not an array
Warning Message: Size: '/' not an array
Warning Message: No entry '.colorCustom'.
Warning Message: Size: '/' not an array
Warning Message: Size: '/' not an array
Warning Message: No entry 'bin\config.bin/CfgDiary.Debriefing'.
Warning Message: No entry '.colorCreated'.
Warning Message: Size: '/' not an array
Warning Message: Size: '/' not an array
Warning Message: No entry '.colorDone'.
Warning Message: Size: '/' not an array
Warning Message: Size: '/' not an array
Warning Message: No entry '.colorCanceled'.
Warning Message: Size: '/' not an array
Warning Message: Size: '/' not an array
Warning Message: No entry '.colorFailed'.
Warning Message: Size: '/' not an array
Warning Message: Size: '/' not an array
Attempt to override final function - bis_functions_list
Attempt to override final function - bis_functions_listpreinit
Attempt to override final function - bis_functions_listpostinit
Attempt to override final function - bis_functions_listrecompile
"Namalsk/BIS_fnc_log: [BIS_fnc_preload] ----- Initializing scripts in Exile -----"
"Namalsk/BIS_fnc_log: [recompile] recompile BIS_fnc_missionTasksLocal"
Attempt to override final function - bis_fnc_missiontaskslocal
"Namalsk/BIS_fnc_log: [recompile] recompile BIS_fnc_missionConversationsLocal"
Attempt to override final function - bis_fnc_missionconversationslocal
"Namalsk/BIS_fnc_log: [recompile] recompile BIS_fnc_missionFlow"
Attempt to override final function - bis_fnc_missionflow
"Namalsk/BIS_fnc_log: [preInit] BIS_fnc_diagKey (0 ms)"
"Namalsk/BIS_fnc_log: [preInit] BIS_fnc_feedbackMain (0 ms)"
"Namalsk/BIS_fnc_log: [preInit] BIS_fnc_missionHandlers (0 ms)"
"Namalsk/BIS_fnc_log: [preInit] BIS_fnc_getServerVariable (0 ms)"
"Namalsk/BIS_fnc_log: [preInit] RyanZM_fnc_rzfunctionsdefines (0 ms)"
"Namalsk/BIS_fnc_log: [preInit] BIS_fnc_initPixelUI (0.999451 ms)"
"Namalsk/BIS_fnc_log: [preInit] ExileClient_fnc_preInit (105 ms)"
"ExileServer - Server is loading..."
Client: Nonnetwork object 2c9bdc00.
"ExileServer - Installed extDB2 version: 70"
"ExileServer - Connected to database!"
"ExileServer - Database protocol initialized!"
"Namalsk/BIS_fnc_log: [preInit] ExileServer_fnc_preInit (137.001 ms)"
Connected to Steam servers
"Namalsk/BIS_fnc_log: [script] initServer.sqf"
"Namalsk/BIS_fnc_log: [postInit] BIS_fnc_missionFlow (0.999451 ms)"
"Namalsk/BIS_fnc_log: [postInit] BIS_fnc_initParams (0 ms)"
"Namalsk/BIS_fnc_log: [postInit] BIS_fnc_initRespawn (0 ms)"
"Namalsk/BIS_fnc_log: [postInit] BIS_fnc_sharedObjectives (0 ms)"
"Namalsk/BIS_fnc_log: [postInit] BIS_fnc_3dMarkers (0 ms)"
"Namalsk/BIS_fnc_log: [postInit] BIS_fnc_reviveInit (0 ms)"
"Namalsk/BIS_fnc_log: [postInit] ExileClient_fnc_postInit (0 ms)"
"Sending information to exilemod.com (If config file exists!)..."
"Result: "
"ExileServer - Job with handle 10000 added."
"ExileServer - Job with handle 10001 added."
"ExileServer - Job with handle 10002 added."
"ExileServer - Job with handle 10003 added."
Weather was forced to change
"ExileServer - Job with handle 10004 added."
"ExileServer - Initializing game world..."
"ExileServer - Loading territories from database..."
"ExileServer - Done loading territories!"
"ExileServer - Loading constructions from database..."
"ExileServer - Done loading constructions!"
"ExileServer - Loading vehicles from database..."
"ExileServer - Done loading vehicles!"
"ExileServer - Loading containers from database..."
"ExileServer - Done loading containers!"
"ExileServer - Creating spawn zone vehicles..."
"ExileServer - Spawning Dynamic Vehicles. GridSize: 2200 Vehs/Grid : 2"
c:\w\stable\futura\lib\network\networkserver.cpp NetworkServer::OnClientStateChanged:NOT IMPLEMENTED - briefing!
 Mission id: 85032ba695dfc1b1ad9a5fcd04a1c21e86c3e62c
Render target memory points PIP1_pos & PIP1_dir not found.
Render target memory points PIP2_pos & PIP2_dir not found.
Exile_Cosmetic_MG: MainTurret - unknown animation source mainTurret
Exile_Cosmetic_MG: MainGun - unknown animation source mainGun
Exile_Cosmetic_MG: Ammo_belt_rotation - unknown animation source ReloadAnim
Exile_Cosmetic_MG: Bolt_reload_begin - unknown animation source reloadMagazine
Exile_Cosmetic_MG: muzzleFlash - unknown animation source muzzle_source
Exile_Cosmetic_MG: zaslehROT - unknown animation source muzzle_source_rot
Exile_Cosmetic_MG: AddAutonomous_unhide - unknown animation source autonomous_unhide
Exile_Cosmetic_MG: bullet001_reload_hide - unknown animation source revolving
Exile_Cosmetic_UAV: RotorImpactHide - unknown animation source rotorHFullyDestroyed
Exile_Cosmetic_UAV: TailRotorImpactHide - unknown animation source tailRotorHFullyDestroyed
Exile_Cosmetic_UAV: propeller1_rotation - unknown animation source rotorH
Exile_Cosmetic_UAV: propeller2_rotation - unknown animation source rotorV
Exile_Cosmetic_UAV: propeller1_hide - unknown animation source rpm
Exile_Cosmetic_UAV: MainTurret - unknown animation source mainTurret
Exile_Cosmetic_UAV: MainGun - unknown animation source mainGun
Land_Box_AmmoOld_F: Ammo_hide - unknown animation source Ammo_source
Land_Box_AmmoOld_F: AmmoOrd_hide - unknown animation source AmmoOrd_source
Land_Box_AmmoOld_F: Grenades_hide - unknown animation source Grenades_source
Land_Box_AmmoOld_F: Support_hide - unknown animation source Support_source
Error in expression <forceSize interpolate [150,150.1,-1,1]>
  Error position: <forceSize interpolate [150,150.1,-1,1]>
  Error Undefined variable in expression: forcesize
Exile_Car_Octavius_White: IndicatorOil - unknown animation source oilTemp
Exile_Car_Octavius_White: fuel - unknown animation source fuel_1
Exile_Car_Octavius_White: gearbox - unknown animation source gearbox
Exile_Car_Octavius_White: Trunk2 - unknown animation source trunk
Render target memory points PIP0_pos & PIP0_dir not found.
Render target memory points PIP1_pos & PIP1_dir not found.
Render target memory points PIP2_pos & PIP2_dir not found.
Cannot load surface info ca\data\Penetration\mattress.bisurf
Exile_Car_UAZ_Green: wiper_1_loop - unknown animation source wipers
Exile_Car_UAZ_Green: wipers - unknown animation source wiper
"ExileServer - Dynamic vehicles spawned. Count : 37"
"ExileServer - Game world initialized! Let the fun begin!"
"ExileServer - Job with handle 10005 added."
"ExileServer - Server is up and running! Version: 0.9.6"
"Namalsk/BIS_fnc_log: [postInit] ExileServer_fnc_postInit (1679 ms)"
"ExileServer - Main thread started"
"Namalsk/BIS_fnc_log: [BIS_fnc_preload] ----- Scripts initialized at 2205 ms -----"
MovesType CfgGesturesMale load time 25 ms
Error: Bone cheek_lf doesn't exist in skeleton OFP2_ManSkeleton
Error: Bone nose_tip doesn't exist in skeleton OFP2_ManSkeleton
Error: Bone lip_uplb doesn't exist in skeleton OFP2_ManSkeleton
Error: Bone jaw_ls doesn't exist in skeleton OFP2_ManSkeleton
Error: Bone lip_uplf doesn't exist in skeleton OFP2_ManSkeleton
Error: Bone lip_lc doesn't exist in skeleton OFP2_ManSkeleton
Error: Bone lip_lwlb doesn't exist in skeleton OFP2_ManSkeleton
Error: Bone lip_lwlf doesn't exist in skeleton OFP2_ManSkeleton
Error: Bone jaw_lm doesn't exist in skeleton OFP2_ManSkeleton
Error: Bone zig_lb doesn't exist in skeleton OFP2_ManSkeleton
Error: Bone lip_lwm doesn't exist in skeleton OFP2_ManSkeleton
Error: Bone lip_upm doesn't exist in skeleton OFP2_ManSkeleton
Error: Bone ear_l doesn't exist in skeleton OFP2_ManSkeleton
Error: Bone corr doesn't exist in skeleton OFP2_ManSkeleton
Error: Bone tongue_m doesn't exist in skeleton OFP2_ManSkeleton
Error: Bone tongue_f doesn't exist in skeleton OFP2_ManSkeleton
Error: Bone eyebrow_lb doesn't exist in skeleton OFP2_ManSkeleton
Error: Bone eyebrow_lf doesn't exist in skeleton OFP2_ManSkeleton
Error: Bone eyebrow_lm doesn't exist in skeleton OFP2_ManSkeleton
Error: Bone zig_lm doesn't exist in skeleton OFP2_ManSkeleton
Error: Bone eye_upl doesn't exist in skeleton OFP2_ManSkeleton
Error: Bone eye_lwl doesn't exist in skeleton OFP2_ManSkeleton
Error: Bone cheek_l doesn't exist in skeleton OFP2_ManSkeleton
Error: Bone cheek_lb doesn't exist in skeleton OFP2_ManSkeleton
Error: Bone zig_lt doesn't exist in skeleton OFP2_ManSkeleton
Error: Bone nose_l doesn't exist in skeleton OFP2_ManSkeleton
Error: Bone cheek_lm doesn't exist in skeleton OFP2_ManSkeleton
Error: Bone nose_r doesn't exist in skeleton OFP2_ManSkeleton
Error: Bone forehead_r doesn't exist in skeleton OFP2_ManSkeleton
Error: Bone forehead_m doesn't exist in skeleton OFP2_ManSkeleton
Error: Bone forehead_l doesn't exist in skeleton OFP2_ManSkeleton
Error: Bone cheek_rb doesn't exist in skeleton OFP2_ManSkeleton
Error: Bone eye_lwr doesn't exist in skeleton OFP2_ManSkeleton
Error: Bone cheek_r doesn't exist in skeleton OFP2_ManSkeleton
Error: Bone zig_rt doesn't exist in skeleton OFP2_ManSkeleton
Error: Bone zig_rm doesn't exist in skeleton OFP2_ManSkeleton
Error: Bone cheek_rf doesn't exist in skeleton OFP2_ManSkeleton
Error: Bone cheek_rm doesn't exist in skeleton OFP2_ManSkeleton
Error: Bone eyebrow_rm doesn't exist in skeleton OFP2_ManSkeleton
Error: Bone eyebrow_rf doesn't exist in skeleton OFP2_ManSkeleton
Error: Bone eye_upr doesn't exist in skeleton OFP2_ManSkeleton
Error: Bone eyebrow_rb doesn't exist in skeleton OFP2_ManSkeleton
Error: Bone tongue_b doesn't exist in skeleton OFP2_ManSkeleton
Error: Bone ear_r doesn't exist in skeleton OFP2_ManSkeleton
Error: Bone neck_l doesn't exist in skeleton OFP2_ManSkeleton
Error: Bone lip_uprf doesn't exist in skeleton OFP2_ManSkeleton
Error: Bone neck_r doesn't exist in skeleton OFP2_ManSkeleton
Error: Bone lip_uprb doesn't exist in skeleton OFP2_ManSkeleton
Error: Bone lip_rc doesn't exist in skeleton OFP2_ManSkeleton
Error: Bone lip_lwrb doesn't exist in skeleton OFP2_ManSkeleton
Error: Bone lip_lwrf doesn't exist in skeleton OFP2_ManSkeleton
Error: Bone neck_b doesn't exist in skeleton OFP2_ManSkeleton
Error: Bone zig_rb doesn't exist in skeleton OFP2_ManSkeleton
Error: Bone neck_t doesn't exist in skeleton OFP2_ManSkeleton
Error: Bone jaw_rf doesn't exist in skeleton OFP2_ManSkeleton
Error: Bone jaw_lf doesn't exist in skeleton OFP2_ManSkeleton
Error: Bone chin doesn't exist in skeleton OFP2_ManSkeleton
Error: Bone jaw_rm doesn't exist in skeleton OFP2_ManSkeleton
Error: Bone jaw_rs doesn't exist in skeleton OFP2_ManSkeleton
Error: Bone jaw doesn't exist in skeleton OFP2_ManSkeleton
Error: Bone headcutscene doesn't exist in skeleton OFP2_ManSkeleton
Animation exile_psycho_tractor\anim\exile_psycho_tractor.rtm not found or empty
MovesType CfgMovesMaleSdr load time 3722 ms
"ExileServer - Player Wasbong (UID 76561197970819722) connected!"
"ExileServer - Starting session for 'Wasbong' with ID 'cDklQlth'..."
Error: Object(3 : 2) not found
Client: Remote object 3:0 not found
Warning: Cleanup player - person 2:148 not found
Warning: Cleanup player - person 2:148 not found
Deinitialized shape [Class: "Underwear_F"; Shape: "a3\characters_f\common\basicbody.p3d";]
Deinitialized shape [Class: "Exile_Unit_GhostPlayer"; Shape: "a3\characters_f\common\invisibleman.p3d";]
Deinitialized shape [Class: "Exile_Unit_Player"; Shape: "a3\characters_f\common\coveralls.p3d";]
Deinitialized shape [Class: "B_CTRG_soldier_GL_LAT_F"; Shape: "a3\characters_f\blufor\b_soldier_01.p3d";]
c:\w\stable\futura\lib\network\networkserver.cpp ClearNetServer:NOT IMPLEMENTED - briefing!
Extensions:
  extDB2 (C:\Servers\Arma 3 Exile Server\@ExileServer\extDB2.dll) [70.0.0.0] [70.0.0.0]

