extDB2: Version: 70
extDB2: https://github.com/Torndeco/extDB2
extDB2: Windows Version
Message: All development for extDB2 is done on a Linux Dedicated Server
Message: If you would like to Donate to extDB2 Development
Message: https://www.paypal.com/cgi-bin/webscr?cmd=_s-xclick&hosted_button_id=2SUEFTGABTAM2
Message: Also leave a message if there is any particular feature you would like to see added.
Message: Thanks for all the people that have donated.
Message: Torndeco: 20/02/15


extDB2: Found extdb-conf.ini
extDB2: Detected 8 Cores, Setting up 6 Worker Threads


[11:35:11:495216 --7:00] [Thread 14496] extDB2: Database Type: MySQL
[11:35:11:506652 --7:00] [Thread 14496] extDB2: Database Session Pool Started
[11:35:11:507960 --7:00] [Thread 14496] extDB2: SQL_CUSTOM_V2: Loading Template Filename: C:\Servers\Arma 3 Exile Server\@ExileServer\extDB\sql_custom_v2\exile.ini
[11:35:11:508076 --7:00] [Thread 14496] extDB2: SQL_CUSTOM_V2: Version 12 Detected, Latest Version 12 Available
[11:35:11:527017 --7:00] [Thread 14984] extDB2: SQL_CUSTOM_V2: Error StatementException: MySQL: [MySQL]: [Comment]: mysql_stmt_prepare error	[mysql_stmt_error]: Table 'exile.territory' doesn't exist	[mysql_stmt_errno]: 1146	[mysql_stmt_sqlstate]: 42S02	[statemnt]: DELETE FROM territory WHERE last_paid_at < DATE_SUB(NOW(), INTERVAL ? DAY)
[11:35:11:527059 --7:00] [Thread 14984] extDB2: SQL_CUSTOM_V2: Wiping Statements + Session
[11:35:11:527695 --7:00] [Thread 14612] extDB2: SQL_CUSTOM_V2: Error StatementException: MySQL: [MySQL]: [Comment]: mysql_stmt_prepare error	[mysql_stmt_error]: Table 'exile.container' doesn't exist	[mysql_stmt_errno]: 1146	[mysql_stmt_sqlstate]: 42S02	[statemnt]: DELETE FROM container WHERE last_updated_at < DATE_SUB(NOW(), INTERVAL ? DAY) AND territory_id IS NULL
[11:35:11:527726 --7:00] [Thread 14612] extDB2: SQL_CUSTOM_V2: Wiping Statements + Session
[11:35:11:538500 --7:00] [Thread 14984] extDB2: SQL_CUSTOM_V2: Error: UniqueID: 1 Input String: deleteUnpaidTerritories:7
[11:35:11:538806 --7:00] [Thread 15200] extDB2: SQL_CUSTOM_V2: Error StatementException: MySQL: [MySQL]: [Comment]: mysql_stmt_prepare error	[mysql_stmt_error]: Table 'exile.construction' doesn't exist	[mysql_stmt_errno]: 1146	[mysql_stmt_sqlstate]: 42S02	[statemnt]: DELETE FROM construction WHERE last_updated_at < DATE_SUB(NOW(), INTERVAL ? DAY) AND territory_id IS NULL
[11:35:11:538832 --7:00] [Thread 15200] extDB2: SQL_CUSTOM_V2: Wiping Statements + Session
[11:35:11:538806 --7:00] [Thread 12520] extDB2: SQL_CUSTOM_V2: Error StatementException: MySQL: [MySQL]: [Comment]: mysql_stmt_prepare error	[mysql_stmt_error]: Table 'exile.container' doesn't exist	[mysql_stmt_errno]: 1146	[mysql_stmt_sqlstate]: 42S02	[statemnt]: UPDATE container SET abandoned = NOW(), pin_code = '0000' WHERE last_updated_at < DATE_SUB(NOW(), INTERVAL ? DAY) AND territory_id IS NULL
[11:35:11:538886 --7:00] [Thread 12520] extDB2: SQL_CUSTOM_V2: Wiping Statements + Session
[11:35:11:539734 --7:00] [Thread 15112] extDB2: SQL_CUSTOM_V2: Error StatementException: MySQL: [MySQL]: [Comment]: mysql_stmt_prepare error	[mysql_stmt_error]: Table 'exile.vehicle' doesn't exist	[mysql_stmt_errno]: 1146	[mysql_stmt_sqlstate]: 42S02	[statemnt]: DELETE FROM vehicle WHERE last_updated_at < DATE_SUB(NOW(), INTERVAL ? DAY)
[11:35:11:539763 --7:00] [Thread 15112] extDB2: SQL_CUSTOM_V2: Wiping Statements + Session
[11:35:11:549305 --7:00] [Thread 15200] extDB2: SQL_CUSTOM_V2: Error: UniqueID: 1 Input String: deleteOldConstructions:2
[11:35:11:549335 --7:00] [Thread 12520] extDB2: SQL_CUSTOM_V2: Error: UniqueID: 1 Input String: addAbandonedSafes:7
[11:35:11:549341 --7:00] [Thread 14612] extDB2: SQL_CUSTOM_V2: Error: UniqueID: 1 Input String: deleteOldContainers:10
[11:35:11:549373 --7:00] [Thread 15112] extDB2: SQL_CUSTOM_V2: Error: UniqueID: 1 Input String: deleteOldVehicles:3
[11:35:11:549496 --7:00] [Thread 14496] extDB2: SQL_CUSTOM_V2: Error StatementException: MySQL: [MySQL]: [Comment]: mysql_stmt_prepare error	[mysql_stmt_error]: Table 'exile.territory' doesn't exist	[mysql_stmt_errno]: 1146	[mysql_stmt_sqlstate]: 42S02	[statemnt]: SELECT id FROM territory LIMIT ?,?
[11:35:11:549554 --7:00] [Thread 14496] extDB2: SQL_CUSTOM_V2: Wiping Statements + Session
[11:35:11:549570 --7:00] [Thread 14496] extDB2: SQL_CUSTOM_V2: Error: UniqueID: 1 Input String: loadTerriotryIdPage:0:100
[11:36:12:532610 --7:00] [Thread 14496] extDB2: SQL_CUSTOM_V2: Error StatementException: MySQL: [MySQL]: [Comment]: mysql_stmt_prepare error	[mysql_stmt_error]: Table 'exile.account' doesn't exist	[mysql_stmt_errno]: 1146	[mysql_stmt_sqlstate]: 42S02	[statemnt]: SELECT CASE WHEN EXISTS(SELECT uid FROM account WHERE uid = ?) THEN 'true' ELSE 'false' END
[11:36:12:532661 --7:00] [Thread 14496] extDB2: SQL_CUSTOM_V2: Wiping Statements + Session
[11:36:12:532681 --7:00] [Thread 14496] extDB2: SQL_CUSTOM_V2: Error: UniqueID: 1 Input String: isKnownAccount:76561197970819722
[11:37:16:431718 --7:00] [Thread 15112] extDB2: SQL_CUSTOM_V2: Error StatementException: MySQL: [MySQL]: [Comment]: mysql_stmt_prepare error	[mysql_stmt_error]: Table 'exile.account' doesn't exist	[mysql_stmt_errno]: 1146	[mysql_stmt_sqlstate]: 42S02	[statemnt]: UPDATE account SET last_disconnect_at = NOW() WHERE uid = ?
[11:37:16:431767 --7:00] [Thread 15112] extDB2: SQL_CUSTOM_V2: Wiping Statements + Session
[11:37:16:431783 --7:00] [Thread 15112] extDB2: SQL_CUSTOM_V2: Error: UniqueID: 1 Input String: endAccountSession:76561197970819722
[11:37:16:432282 --7:00] [Thread 15112] extDB2: SQL_CUSTOM_V2: Error StatementException: MySQL: [MySQL]: [Comment]: mysql_stmt_prepare error	[mysql_stmt_error]: Table 'exile.player' doesn't exist	[mysql_stmt_errno]: 1146	[mysql_stmt_sqlstate]: 42S02	[statemnt]: UPDATE player SET name = ?, damage  = ?, hunger = ?, thirst = ?, alcohol = ?, oxygen_remaining  = ?, bleeding_remaining = ?, hitpoints = ?, direction = ?, position_x = ?, position_y = ?, position_z = ?, assigned_items = ?, backpack = ?, backpack_items = ?, backpack_magazines = ?, backpack_weapons = ?, current_weapon = ?, goggles = ?, handgun_items = ?, handgun_weapon = ?, headgear = ?, binocular = ?, loaded_magazines = ?, primary_weapon = ?, primary_weapon_items = ?, secondary_weapon = ?, secondary_weapon_items = ?, uniform = ?, uniform_items = ?, uniform_magazines = ?, uniform_weapons = ?, vest = ?, vest_items = ?, vest_magazines = ?, vest_weapons = ?, temperature = ?, wetness = ? WHERE id = ?
[11:37:16:432323 --7:00] [Thread 15112] extDB2: SQL_CUSTOM_V2: Wiping Statements + Session
[11:37:16:432337 --7:00] [Thread 15112] extDB2: SQL_CUSTOM_V2: Error: UniqueID: 1 Input String: updatePlayer::0:100:100:0:1:0:[]:0:13237.161133:11705.337891:0.00141907:["ItemMap","ItemCompass","ItemWatch","ItemRadio"]::[]:[]:[]:::["","","",""]::::[]::["","","",""]::["","","",""]::[]:[]:[]::[]:[]:[]:0:0:-1
[12:00:34:752456 --7:00] [Thread 14496] extDB2: Stopping ...
